2017-07-31 15:01:37.070  INFO 4176 --- [main] c.w.s.i.a.AccountRepositoryImplTest      : Starting AccountRepositoryImplTest on atomdeMacBook-Pro.local with PID 4176 (started by Atom in /Users/ytx/ws-atom/atom-schema/schema-core)
2017-07-31 15:01:37.072  INFO 4176 --- [main] c.w.s.i.a.AccountRepositoryImplTest      : No active profile set, falling back to default profiles: default
2017-07-31 15:01:37.122  INFO 4176 --- [main] s.c.a.AnnotationConfigApplicationContext : Refreshing org.springframework.context.annotation.AnnotationConfigApplicationContext@36b4091c: startup date [Mon Jul 31 15:01:37 CST 2017]; root of context hierarchy
2017-07-31 15:01:38.007  WARN 4176 --- [main] o.m.s.mapper.ClassPathMapperScanner      : No MyBatis mapper was found in '[com.watent.schema.infrastructure]' package. Please check your configuration.
2017-07-31 15:01:38.743  WARN 4176 --- [main] s.c.a.AnnotationConfigApplicationContext : Exception encountered during context initialization - cancelling refresh attempt: org.springframework.beans.factory.BeanCreationException: Error creating bean with name 'accountRepositoryImpl': Injection of resource dependencies failed; nested exception is org.springframework.beans.factory.NoSuchBeanDefinitionException: No qualifying bean of type 'com.watent.schema.infrastructure.account.mapper.AccountMapper' available: expected at least 1 bean which qualifies as autowire candidate. Dependency annotations: {@javax.annotation.Resource(shareable=true, lookup=, name=, description=, authenticationType=CONTAINER, type=class java.lang.Object, mappedName=)}
2017-07-31 15:01:38.755  INFO 4176 --- [main] utoConfigurationReportLoggingInitializer : 

Error starting ApplicationContext. To display the auto-configuration report re-run your application with 'debug' enabled.
2017-07-31 15:01:38.939 ERROR 4176 --- [main] o.s.b.d.LoggingFailureAnalysisReporter   : 

***************************
APPLICATION FAILED TO START
***************************

Description:

A component required a bean of type 'com.watent.schema.infrastructure.account.mapper.AccountMapper' that could not be found.


Action:

Consider defining a bean of type 'com.watent.schema.infrastructure.account.mapper.AccountMapper' in your configuration.

2017-07-31 15:01:39.110  INFO 4176 --- [main] c.w.s.i.a.AccountRepositoryImplTest      : Starting AccountRepositoryImplTest on atomdeMacBook-Pro.local with PID 4176 (started by Atom in /Users/ytx/ws-atom/atom-schema/schema-core)
2017-07-31 15:01:39.111  INFO 4176 --- [main] c.w.s.i.a.AccountRepositoryImplTest      : No active profile set, falling back to default profiles: default
2017-07-31 15:01:39.114  INFO 4176 --- [main] s.c.a.AnnotationConfigApplicationContext : Refreshing org.springframework.context.annotation.AnnotationConfigApplicationContext@5f14a673: startup date [Mon Jul 31 15:01:39 CST 2017]; root of context hierarchy
2017-07-31 15:01:39.478  WARN 4176 --- [main] o.m.s.mapper.ClassPathMapperScanner      : No MyBatis mapper was found in '[com.watent.schema.infrastructure]' package. Please check your configuration.
2017-07-31 15:01:39.643  WARN 4176 --- [main] s.c.a.AnnotationConfigApplicationContext : Exception encountered during context initialization - cancelling refresh attempt: org.springframework.beans.factory.BeanCreationException: Error creating bean with name 'accountRepositoryImpl': Injection of resource dependencies failed; nested exception is org.springframework.beans.factory.NoSuchBeanDefinitionException: No qualifying bean of type 'com.watent.schema.infrastructure.account.mapper.AccountMapper' available: expected at least 1 bean which qualifies as autowire candidate. Dependency annotations: {@javax.annotation.Resource(shareable=true, lookup=, name=, description=, authenticationType=CONTAINER, type=class java.lang.Object, mappedName=)}
2017-07-31 15:01:39.650  INFO 4176 --- [main] utoConfigurationReportLoggingInitializer : 

Error starting ApplicationContext. To display the auto-configuration report re-run your application with 'debug' enabled.
2017-07-31 15:01:39.993 ERROR 4176 --- [main] o.s.b.d.LoggingFailureAnalysisReporter   : 

***************************
APPLICATION FAILED TO START
***************************

Description:

A component required a bean of type 'com.watent.schema.infrastructure.account.mapper.AccountMapper' that could not be found.


Action:

Consider defining a bean of type 'com.watent.schema.infrastructure.account.mapper.AccountMapper' in your configuration.

2017-07-31 15:01:40.003 ERROR 4176 --- [main] o.s.test.context.TestContextManager      : Caught exception while allowing TestExecutionListener [org.springframework.boot.test.autoconfigure.SpringBootDependencyInjectionTestExecutionListener@694abbdc] to prepare test instance [com.watent.schema.infrastructure.account.AccountRepositoryImplTest@5aebe890]

java.lang.IllegalStateException: Failed to load ApplicationContext
	at org.springframework.test.context.cache.DefaultCacheAwareContextLoaderDelegate.loadContext(DefaultCacheAwareContextLoaderDelegate.java:124) ~[spring-test-4.3.10.RELEASE.jar:4.3.10.RELEASE]
	at org.springframework.test.context.support.DefaultTestContext.getApplicationContext(DefaultTestContext.java:83) ~[spring-test-4.3.10.RELEASE.jar:4.3.10.RELEASE]
	at org.springframework.boot.test.autoconfigure.SpringBootDependencyInjectionTestExecutionListener.prepareTestInstance(SpringBootDependencyInjectionTestExecutionListener.java:47) ~[spring-boot-test-autoconfigure-1.5.4.RELEASE.jar:1.5.4.RELEASE]
	at org.springframework.test.context.TestContextManager.prepareTestInstance(TestContextManager.java:230) ~[spring-test-4.3.10.RELEASE.jar:4.3.10.RELEASE]
	at org.springframework.test.context.junit4.SpringJUnit4ClassRunner.createTest(SpringJUnit4ClassRunner.java:228) [spring-test-4.3.10.RELEASE.jar:4.3.10.RELEASE]
	at org.springframework.test.context.junit4.SpringJUnit4ClassRunner$1.runReflectiveCall(SpringJUnit4ClassRunner.java:287) [spring-test-4.3.10.RELEASE.jar:4.3.10.RELEASE]
	at org.junit.internal.runners.model.ReflectiveCallable.run(ReflectiveCallable.java:12) [junit-4.12.jar:4.12]
	at org.springframework.test.context.junit4.SpringJUnit4ClassRunner.methodBlock(SpringJUnit4ClassRunner.java:289) [spring-test-4.3.10.RELEASE.jar:4.3.10.RELEASE]
	at org.springframework.test.context.junit4.SpringJUnit4ClassRunner.runChild(SpringJUnit4ClassRunner.java:247) [spring-test-4.3.10.RELEASE.jar:4.3.10.RELEASE]
	at org.springframework.test.context.junit4.SpringJUnit4ClassRunner.runChild(SpringJUnit4ClassRunner.java:94) [spring-test-4.3.10.RELEASE.jar:4.3.10.RELEASE]
	at org.junit.runners.ParentRunner$3.run(ParentRunner.java:290) [junit-4.12.jar:4.12]
	at org.junit.runners.ParentRunner$1.schedule(ParentRunner.java:71) [junit-4.12.jar:4.12]
	at org.junit.runners.ParentRunner.runChildren(ParentRunner.java:288) [junit-4.12.jar:4.12]
	at org.junit.runners.ParentRunner.access$000(ParentRunner.java:58) [junit-4.12.jar:4.12]
	at org.junit.runners.ParentRunner$2.evaluate(ParentRunner.java:268) [junit-4.12.jar:4.12]
	at org.springframework.test.context.junit4.statements.RunBeforeTestClassCallbacks.evaluate(RunBeforeTestClassCallbacks.java:61) [spring-test-4.3.10.RELEASE.jar:4.3.10.RELEASE]
	at org.springframework.test.context.junit4.statements.RunAfterTestClassCallbacks.evaluate(RunAfterTestClassCallbacks.java:70) [spring-test-4.3.10.RELEASE.jar:4.3.10.RELEASE]
	at org.junit.runners.ParentRunner.run(ParentRunner.java:363) [junit-4.12.jar:4.12]
	at org.springframework.test.context.junit4.SpringJUnit4ClassRunner.run(SpringJUnit4ClassRunner.java:191) [spring-test-4.3.10.RELEASE.jar:4.3.10.RELEASE]
	at org.junit.runner.JUnitCore.run(JUnitCore.java:137) [junit-4.12.jar:4.12]
	at com.intellij.junit4.JUnit4IdeaTestRunner.startRunnerWithArgs(JUnit4IdeaTestRunner.java:68) [junit-rt.jar:na]
	at com.intellij.rt.execution.junit.IdeaTestRunner$Repeater.startRunnerWithArgs(IdeaTestRunner.java:47) [junit-rt.jar:na]
	at com.intellij.rt.execution.junit.JUnitStarter.prepareStreamsAndStart(JUnitStarter.java:242) [junit-rt.jar:na]
	at com.intellij.rt.execution.junit.JUnitStarter.main(JUnitStarter.java:70) [junit-rt.jar:na]
Caused by: org.springframework.beans.factory.BeanCreationException: Error creating bean with name 'accountRepositoryImpl': Injection of resource dependencies failed; nested exception is org.springframework.beans.factory.NoSuchBeanDefinitionException: No qualifying bean of type 'com.watent.schema.infrastructure.account.mapper.AccountMapper' available: expected at least 1 bean which qualifies as autowire candidate. Dependency annotations: {@javax.annotation.Resource(shareable=true, lookup=, name=, description=, authenticationType=CONTAINER, type=class java.lang.Object, mappedName=)}
	at org.springframework.context.annotation.CommonAnnotationBeanPostProcessor.postProcessPropertyValues(CommonAnnotationBeanPostProcessor.java:321) ~[spring-context-4.3.10.RELEASE.jar:4.3.10.RELEASE]
	at org.springframework.beans.factory.support.AbstractAutowireCapableBeanFactory.populateBean(AbstractAutowireCapableBeanFactory.java:1264) ~[spring-beans-4.3.10.RELEASE.jar:4.3.10.RELEASE]
	at org.springframework.beans.factory.support.AbstractAutowireCapableBeanFactory.doCreateBean(AbstractAutowireCapableBeanFactory.java:553) ~[spring-beans-4.3.10.RELEASE.jar:4.3.10.RELEASE]
	at org.springframework.beans.factory.support.AbstractAutowireCapableBeanFactory.createBean(AbstractAutowireCapableBeanFactory.java:483) ~[spring-beans-4.3.10.RELEASE.jar:4.3.10.RELEASE]
	at org.springframework.beans.factory.support.AbstractBeanFactory$1.getObject(AbstractBeanFactory.java:306) ~[spring-beans-4.3.10.RELEASE.jar:4.3.10.RELEASE]
	at org.springframework.beans.factory.support.DefaultSingletonBeanRegistry.getSingleton(DefaultSingletonBeanRegistry.java:230) ~[spring-beans-4.3.10.RELEASE.jar:4.3.10.RELEASE]
	at org.springframework.beans.factory.support.AbstractBeanFactory.doGetBean(AbstractBeanFactory.java:302) ~[spring-beans-4.3.10.RELEASE.jar:4.3.10.RELEASE]
	at org.springframework.beans.factory.support.AbstractBeanFactory.getBean(AbstractBeanFactory.java:197) ~[spring-beans-4.3.10.RELEASE.jar:4.3.10.RELEASE]
	at org.springframework.beans.factory.support.DefaultListableBeanFactory.preInstantiateSingletons(DefaultListableBeanFactory.java:761) ~[spring-beans-4.3.10.RELEASE.jar:4.3.10.RELEASE]
	at org.springframework.context.support.AbstractApplicationContext.finishBeanFactoryInitialization(AbstractApplicationContext.java:867) ~[spring-context-4.3.10.RELEASE.jar:4.3.10.RELEASE]
	at org.springframework.context.support.AbstractApplicationContext.refresh(AbstractApplicationContext.java:543) ~[spring-context-4.3.10.RELEASE.jar:4.3.10.RELEASE]
	at org.springframework.boot.SpringApplication.refresh(SpringApplication.java:693) ~[spring-boot-1.5.4.RELEASE.jar:1.5.4.RELEASE]
	at org.springframework.boot.SpringApplication.refreshContext(SpringApplication.java:360) ~[spring-boot-1.5.4.RELEASE.jar:1.5.4.RELEASE]
	at org.springframework.boot.SpringApplication.run(SpringApplication.java:303) ~[spring-boot-1.5.4.RELEASE.jar:1.5.4.RELEASE]
	at org.springframework.boot.test.context.SpringBootContextLoader.loadContext(SpringBootContextLoader.java:120) ~[spring-boot-test-1.5.4.RELEASE.jar:1.5.4.RELEASE]
	at org.springframework.test.context.cache.DefaultCacheAwareContextLoaderDelegate.loadContextInternal(DefaultCacheAwareContextLoaderDelegate.java:98) ~[spring-test-4.3.10.RELEASE.jar:4.3.10.RELEASE]
	at org.springframework.test.context.cache.DefaultCacheAwareContextLoaderDelegate.loadContext(DefaultCacheAwareContextLoaderDelegate.java:116) ~[spring-test-4.3.10.RELEASE.jar:4.3.10.RELEASE]
	... 23 common frames omitted
Caused by: org.springframework.beans.factory.NoSuchBeanDefinitionException: No qualifying bean of type 'com.watent.schema.infrastructure.account.mapper.AccountMapper' available: expected at least 1 bean which qualifies as autowire candidate. Dependency annotations: {@javax.annotation.Resource(shareable=true, lookup=, name=, description=, authenticationType=CONTAINER, type=class java.lang.Object, mappedName=)}
	at org.springframework.beans.factory.support.DefaultListableBeanFactory.raiseNoMatchingBeanFound(DefaultListableBeanFactory.java:1493) ~[spring-beans-4.3.10.RELEASE.jar:4.3.10.RELEASE]
	at org.springframework.beans.factory.support.DefaultListableBeanFactory.doResolveDependency(DefaultListableBeanFactory.java:1104) ~[spring-beans-4.3.10.RELEASE.jar:4.3.10.RELEASE]
	at org.springframework.beans.factory.support.DefaultListableBeanFactory.resolveDependency(DefaultListableBeanFactory.java:1066) ~[spring-beans-4.3.10.RELEASE.jar:4.3.10.RELEASE]
	at org.springframework.context.annotation.CommonAnnotationBeanPostProcessor.autowireResource(CommonAnnotationBeanPostProcessor.java:518) ~[spring-context-4.3.10.RELEASE.jar:4.3.10.RELEASE]
	at org.springframework.context.annotation.CommonAnnotationBeanPostProcessor.getResource(CommonAnnotationBeanPostProcessor.java:496) ~[spring-context-4.3.10.RELEASE.jar:4.3.10.RELEASE]
	at org.springframework.context.annotation.CommonAnnotationBeanPostProcessor$ResourceElement.getResourceToInject(CommonAnnotationBeanPostProcessor.java:627) ~[spring-context-4.3.10.RELEASE.jar:4.3.10.RELEASE]
	at org.springframework.beans.factory.annotation.InjectionMetadata$InjectedElement.inject(InjectionMetadata.java:169) ~[spring-beans-4.3.10.RELEASE.jar:4.3.10.RELEASE]
	at org.springframework.beans.factory.annotation.InjectionMetadata.inject(InjectionMetadata.java:88) ~[spring-beans-4.3.10.RELEASE.jar:4.3.10.RELEASE]
	at org.springframework.context.annotation.CommonAnnotationBeanPostProcessor.postProcessPropertyValues(CommonAnnotationBeanPostProcessor.java:318) ~[spring-context-4.3.10.RELEASE.jar:4.3.10.RELEASE]
	... 39 common frames omitted

2017-07-31 15:07:57.844  INFO 4179 --- [main] c.w.s.i.a.AccountRepositoryImplTest      : Starting AccountRepositoryImplTest on atomdeMacBook-Pro.local with PID 4179 (started by Atom in /Users/ytx/ws-atom/atom-schema/schema-core)
2017-07-31 15:07:57.846  INFO 4179 --- [main] c.w.s.i.a.AccountRepositoryImplTest      : No active profile set, falling back to default profiles: default
2017-07-31 15:07:57.901  INFO 4179 --- [main] s.c.a.AnnotationConfigApplicationContext : Refreshing org.springframework.context.annotation.AnnotationConfigApplicationContext@4671115f: startup date [Mon Jul 31 15:07:57 CST 2017]; root of context hierarchy
2017-07-31 15:07:59.090  WARN 4179 --- [main] o.m.s.mapper.ClassPathMapperScanner      : No MyBatis mapper was found in '[com.watent.schema.infrastructure]' package. Please check your configuration.
2017-07-31 15:07:59.736  WARN 4179 --- [main] s.c.a.AnnotationConfigApplicationContext : Exception encountered during context initialization - cancelling refresh attempt: org.springframework.beans.factory.BeanCreationException: Error creating bean with name 'accountRepositoryImpl': Injection of resource dependencies failed; nested exception is org.springframework.beans.factory.NoSuchBeanDefinitionException: No qualifying bean of type 'com.watent.schema.infrastructure.account.mapper.AccountMapper' available: expected at least 1 bean which qualifies as autowire candidate. Dependency annotations: {@javax.annotation.Resource(shareable=true, lookup=, name=, description=, authenticationType=CONTAINER, type=class java.lang.Object, mappedName=)}
2017-07-31 15:07:59.767  INFO 4179 --- [main] utoConfigurationReportLoggingInitializer : 

Error starting ApplicationContext. To display the auto-configuration report re-run your application with 'debug' enabled.
2017-07-31 15:07:59.943 ERROR 4179 --- [main] o.s.b.d.LoggingFailureAnalysisReporter   : 

***************************
APPLICATION FAILED TO START
***************************

Description:

A component required a bean of type 'com.watent.schema.infrastructure.account.mapper.AccountMapper' that could not be found.


Action:

Consider defining a bean of type 'com.watent.schema.infrastructure.account.mapper.AccountMapper' in your configuration.

2017-07-31 15:08:00.025  INFO 4179 --- [main] c.w.s.i.a.AccountRepositoryImplTest      : Starting AccountRepositoryImplTest on atomdeMacBook-Pro.local with PID 4179 (started by Atom in /Users/ytx/ws-atom/atom-schema/schema-core)
2017-07-31 15:08:00.026  INFO 4179 --- [main] c.w.s.i.a.AccountRepositoryImplTest      : No active profile set, falling back to default profiles: default
2017-07-31 15:08:00.028  INFO 4179 --- [main] s.c.a.AnnotationConfigApplicationContext : Refreshing org.springframework.context.annotation.AnnotationConfigApplicationContext@76b224cd: startup date [Mon Jul 31 15:08:00 CST 2017]; root of context hierarchy
2017-07-31 15:08:00.336  WARN 4179 --- [main] o.m.s.mapper.ClassPathMapperScanner      : No MyBatis mapper was found in '[com.watent.schema.infrastructure]' package. Please check your configuration.
2017-07-31 15:08:00.527  WARN 4179 --- [main] s.c.a.AnnotationConfigApplicationContext : Exception encountered during context initialization - cancelling refresh attempt: org.springframework.beans.factory.BeanCreationException: Error creating bean with name 'accountRepositoryImpl': Injection of resource dependencies failed; nested exception is org.springframework.beans.factory.NoSuchBeanDefinitionException: No qualifying bean of type 'com.watent.schema.infrastructure.account.mapper.AccountMapper' available: expected at least 1 bean which qualifies as autowire candidate. Dependency annotations: {@javax.annotation.Resource(shareable=true, lookup=, name=, description=, authenticationType=CONTAINER, type=class java.lang.Object, mappedName=)}
2017-07-31 15:08:00.531  INFO 4179 --- [main] utoConfigurationReportLoggingInitializer : 

Error starting ApplicationContext. To display the auto-configuration report re-run your application with 'debug' enabled.
2017-07-31 15:08:00.674 ERROR 4179 --- [main] o.s.b.d.LoggingFailureAnalysisReporter   : 

***************************
APPLICATION FAILED TO START
***************************

Description:

A component required a bean of type 'com.watent.schema.infrastructure.account.mapper.AccountMapper' that could not be found.


Action:

Consider defining a bean of type 'com.watent.schema.infrastructure.account.mapper.AccountMapper' in your configuration.

2017-07-31 15:08:00.688 ERROR 4179 --- [main] o.s.test.context.TestContextManager      : Caught exception while allowing TestExecutionListener [org.springframework.boot.test.autoconfigure.SpringBootDependencyInjectionTestExecutionListener@694abbdc] to prepare test instance [com.watent.schema.infrastructure.account.AccountRepositoryImplTest@5aebe890]

java.lang.IllegalStateException: Failed to load ApplicationContext
	at org.springframework.test.context.cache.DefaultCacheAwareContextLoaderDelegate.loadContext(DefaultCacheAwareContextLoaderDelegate.java:124) ~[spring-test-4.3.10.RELEASE.jar:4.3.10.RELEASE]
	at org.springframework.test.context.support.DefaultTestContext.getApplicationContext(DefaultTestContext.java:83) ~[spring-test-4.3.10.RELEASE.jar:4.3.10.RELEASE]
	at org.springframework.boot.test.autoconfigure.SpringBootDependencyInjectionTestExecutionListener.prepareTestInstance(SpringBootDependencyInjectionTestExecutionListener.java:47) ~[spring-boot-test-autoconfigure-1.5.4.RELEASE.jar:1.5.4.RELEASE]
	at org.springframework.test.context.TestContextManager.prepareTestInstance(TestContextManager.java:230) ~[spring-test-4.3.10.RELEASE.jar:4.3.10.RELEASE]
	at org.springframework.test.context.junit4.SpringJUnit4ClassRunner.createTest(SpringJUnit4ClassRunner.java:228) [spring-test-4.3.10.RELEASE.jar:4.3.10.RELEASE]
	at org.springframework.test.context.junit4.SpringJUnit4ClassRunner$1.runReflectiveCall(SpringJUnit4ClassRunner.java:287) [spring-test-4.3.10.RELEASE.jar:4.3.10.RELEASE]
	at org.junit.internal.runners.model.ReflectiveCallable.run(ReflectiveCallable.java:12) [junit-4.12.jar:4.12]
	at org.springframework.test.context.junit4.SpringJUnit4ClassRunner.methodBlock(SpringJUnit4ClassRunner.java:289) [spring-test-4.3.10.RELEASE.jar:4.3.10.RELEASE]
	at org.springframework.test.context.junit4.SpringJUnit4ClassRunner.runChild(SpringJUnit4ClassRunner.java:247) [spring-test-4.3.10.RELEASE.jar:4.3.10.RELEASE]
	at org.springframework.test.context.junit4.SpringJUnit4ClassRunner.runChild(SpringJUnit4ClassRunner.java:94) [spring-test-4.3.10.RELEASE.jar:4.3.10.RELEASE]
	at org.junit.runners.ParentRunner$3.run(ParentRunner.java:290) [junit-4.12.jar:4.12]
	at org.junit.runners.ParentRunner$1.schedule(ParentRunner.java:71) [junit-4.12.jar:4.12]
	at org.junit.runners.ParentRunner.runChildren(ParentRunner.java:288) [junit-4.12.jar:4.12]
	at org.junit.runners.ParentRunner.access$000(ParentRunner.java:58) [junit-4.12.jar:4.12]
	at org.junit.runners.ParentRunner$2.evaluate(ParentRunner.java:268) [junit-4.12.jar:4.12]
	at org.springframework.test.context.junit4.statements.RunBeforeTestClassCallbacks.evaluate(RunBeforeTestClassCallbacks.java:61) [spring-test-4.3.10.RELEASE.jar:4.3.10.RELEASE]
	at org.springframework.test.context.junit4.statements.RunAfterTestClassCallbacks.evaluate(RunAfterTestClassCallbacks.java:70) [spring-test-4.3.10.RELEASE.jar:4.3.10.RELEASE]
	at org.junit.runners.ParentRunner.run(ParentRunner.java:363) [junit-4.12.jar:4.12]
	at org.springframework.test.context.junit4.SpringJUnit4ClassRunner.run(SpringJUnit4ClassRunner.java:191) [spring-test-4.3.10.RELEASE.jar:4.3.10.RELEASE]
	at org.junit.runner.JUnitCore.run(JUnitCore.java:137) [junit-4.12.jar:4.12]
	at com.intellij.junit4.JUnit4IdeaTestRunner.startRunnerWithArgs(JUnit4IdeaTestRunner.java:68) [junit-rt.jar:na]
	at com.intellij.rt.execution.junit.IdeaTestRunner$Repeater.startRunnerWithArgs(IdeaTestRunner.java:47) [junit-rt.jar:na]
	at com.intellij.rt.execution.junit.JUnitStarter.prepareStreamsAndStart(JUnitStarter.java:242) [junit-rt.jar:na]
	at com.intellij.rt.execution.junit.JUnitStarter.main(JUnitStarter.java:70) [junit-rt.jar:na]
Caused by: org.springframework.beans.factory.BeanCreationException: Error creating bean with name 'accountRepositoryImpl': Injection of resource dependencies failed; nested exception is org.springframework.beans.factory.NoSuchBeanDefinitionException: No qualifying bean of type 'com.watent.schema.infrastructure.account.mapper.AccountMapper' available: expected at least 1 bean which qualifies as autowire candidate. Dependency annotations: {@javax.annotation.Resource(shareable=true, lookup=, name=, description=, authenticationType=CONTAINER, type=class java.lang.Object, mappedName=)}
	at org.springframework.context.annotation.CommonAnnotationBeanPostProcessor.postProcessPropertyValues(CommonAnnotationBeanPostProcessor.java:321) ~[spring-context-4.3.10.RELEASE.jar:4.3.10.RELEASE]
	at org.springframework.beans.factory.support.AbstractAutowireCapableBeanFactory.populateBean(AbstractAutowireCapableBeanFactory.java:1264) ~[spring-beans-4.3.10.RELEASE.jar:4.3.10.RELEASE]
	at org.springframework.beans.factory.support.AbstractAutowireCapableBeanFactory.doCreateBean(AbstractAutowireCapableBeanFactory.java:553) ~[spring-beans-4.3.10.RELEASE.jar:4.3.10.RELEASE]
	at org.springframework.beans.factory.support.AbstractAutowireCapableBeanFactory.createBean(AbstractAutowireCapableBeanFactory.java:483) ~[spring-beans-4.3.10.RELEASE.jar:4.3.10.RELEASE]
	at org.springframework.beans.factory.support.AbstractBeanFactory$1.getObject(AbstractBeanFactory.java:306) ~[spring-beans-4.3.10.RELEASE.jar:4.3.10.RELEASE]
	at org.springframework.beans.factory.support.DefaultSingletonBeanRegistry.getSingleton(DefaultSingletonBeanRegistry.java:230) ~[spring-beans-4.3.10.RELEASE.jar:4.3.10.RELEASE]
	at org.springframework.beans.factory.support.AbstractBeanFactory.doGetBean(AbstractBeanFactory.java:302) ~[spring-beans-4.3.10.RELEASE.jar:4.3.10.RELEASE]
	at org.springframework.beans.factory.support.AbstractBeanFactory.getBean(AbstractBeanFactory.java:197) ~[spring-beans-4.3.10.RELEASE.jar:4.3.10.RELEASE]
	at org.springframework.beans.factory.support.DefaultListableBeanFactory.preInstantiateSingletons(DefaultListableBeanFactory.java:761) ~[spring-beans-4.3.10.RELEASE.jar:4.3.10.RELEASE]
	at org.springframework.context.support.AbstractApplicationContext.finishBeanFactoryInitialization(AbstractApplicationContext.java:867) ~[spring-context-4.3.10.RELEASE.jar:4.3.10.RELEASE]
	at org.springframework.context.support.AbstractApplicationContext.refresh(AbstractApplicationContext.java:543) ~[spring-context-4.3.10.RELEASE.jar:4.3.10.RELEASE]
	at org.springframework.boot.SpringApplication.refresh(SpringApplication.java:693) ~[spring-boot-1.5.4.RELEASE.jar:1.5.4.RELEASE]
	at org.springframework.boot.SpringApplication.refreshContext(SpringApplication.java:360) ~[spring-boot-1.5.4.RELEASE.jar:1.5.4.RELEASE]
	at org.springframework.boot.SpringApplication.run(SpringApplication.java:303) ~[spring-boot-1.5.4.RELEASE.jar:1.5.4.RELEASE]
	at org.springframework.boot.test.context.SpringBootContextLoader.loadContext(SpringBootContextLoader.java:120) ~[spring-boot-test-1.5.4.RELEASE.jar:1.5.4.RELEASE]
	at org.springframework.test.context.cache.DefaultCacheAwareContextLoaderDelegate.loadContextInternal(DefaultCacheAwareContextLoaderDelegate.java:98) ~[spring-test-4.3.10.RELEASE.jar:4.3.10.RELEASE]
	at org.springframework.test.context.cache.DefaultCacheAwareContextLoaderDelegate.loadContext(DefaultCacheAwareContextLoaderDelegate.java:116) ~[spring-test-4.3.10.RELEASE.jar:4.3.10.RELEASE]
	... 23 common frames omitted
Caused by: org.springframework.beans.factory.NoSuchBeanDefinitionException: No qualifying bean of type 'com.watent.schema.infrastructure.account.mapper.AccountMapper' available: expected at least 1 bean which qualifies as autowire candidate. Dependency annotations: {@javax.annotation.Resource(shareable=true, lookup=, name=, description=, authenticationType=CONTAINER, type=class java.lang.Object, mappedName=)}
	at org.springframework.beans.factory.support.DefaultListableBeanFactory.raiseNoMatchingBeanFound(DefaultListableBeanFactory.java:1493) ~[spring-beans-4.3.10.RELEASE.jar:4.3.10.RELEASE]
	at org.springframework.beans.factory.support.DefaultListableBeanFactory.doResolveDependency(DefaultListableBeanFactory.java:1104) ~[spring-beans-4.3.10.RELEASE.jar:4.3.10.RELEASE]
	at org.springframework.beans.factory.support.DefaultListableBeanFactory.resolveDependency(DefaultListableBeanFactory.java:1066) ~[spring-beans-4.3.10.RELEASE.jar:4.3.10.RELEASE]
	at org.springframework.context.annotation.CommonAnnotationBeanPostProcessor.autowireResource(CommonAnnotationBeanPostProcessor.java:518) ~[spring-context-4.3.10.RELEASE.jar:4.3.10.RELEASE]
	at org.springframework.context.annotation.CommonAnnotationBeanPostProcessor.getResource(CommonAnnotationBeanPostProcessor.java:496) ~[spring-context-4.3.10.RELEASE.jar:4.3.10.RELEASE]
	at org.springframework.context.annotation.CommonAnnotationBeanPostProcessor$ResourceElement.getResourceToInject(CommonAnnotationBeanPostProcessor.java:627) ~[spring-context-4.3.10.RELEASE.jar:4.3.10.RELEASE]
	at org.springframework.beans.factory.annotation.InjectionMetadata$InjectedElement.inject(InjectionMetadata.java:169) ~[spring-beans-4.3.10.RELEASE.jar:4.3.10.RELEASE]
	at org.springframework.beans.factory.annotation.InjectionMetadata.inject(InjectionMetadata.java:88) ~[spring-beans-4.3.10.RELEASE.jar:4.3.10.RELEASE]
	at org.springframework.context.annotation.CommonAnnotationBeanPostProcessor.postProcessPropertyValues(CommonAnnotationBeanPostProcessor.java:318) ~[spring-context-4.3.10.RELEASE.jar:4.3.10.RELEASE]
	... 39 common frames omitted

2017-07-31 15:13:18.117  INFO 4184 --- [main] c.w.s.i.a.AccountRepositoryImplTest      : Starting AccountRepositoryImplTest on atomdeMacBook-Pro.local with PID 4184 (started by Atom in /Users/ytx/ws-atom/atom-schema/schema-core)
2017-07-31 15:13:18.119  INFO 4184 --- [main] c.w.s.i.a.AccountRepositoryImplTest      : No active profile set, falling back to default profiles: default
2017-07-31 15:13:18.170  INFO 4184 --- [main] s.c.a.AnnotationConfigApplicationContext : Refreshing org.springframework.context.annotation.AnnotationConfigApplicationContext@39ac0c0a: startup date [Mon Jul 31 15:13:18 CST 2017]; root of context hierarchy
2017-07-31 15:13:21.117  INFO 4184 --- [main] o.s.jdbc.datasource.init.ScriptUtils     : Executing SQL script from URL [file:/Users/ytx/ws-atom/atom-schema/schema-core/target/test-classes/schema-mysql.sql]
2017-07-31 15:13:21.302  INFO 4184 --- [main] o.s.jdbc.datasource.init.ScriptUtils     : Executed SQL script from URL [file:/Users/ytx/ws-atom/atom-schema/schema-core/target/test-classes/schema-mysql.sql] in 184 ms.
2017-07-31 15:13:22.199  INFO 4184 --- [main] c.w.s.i.a.AccountRepositoryImplTest      : Started AccountRepositoryImplTest in 5.722 seconds (JVM running for 7.715)
2017-07-31 15:13:22.375  INFO 4184 --- [Thread-3] s.c.a.AnnotationConfigApplicationContext : Closing org.springframework.context.annotation.AnnotationConfigApplicationContext@39ac0c0a: startup date [Mon Jul 31 15:13:18 CST 2017]; root of context hierarchy
2017-07-31 15:16:53.394  INFO 4186 --- [main] c.w.s.i.a.AccountRepositoryImplTest      : Starting AccountRepositoryImplTest on atomdeMacBook-Pro.local with PID 4186 (started by Atom in /Users/ytx/ws-atom/atom-schema/schema-core)
2017-07-31 15:16:53.397  INFO 4186 --- [main] c.w.s.i.a.AccountRepositoryImplTest      : No active profile set, falling back to default profiles: default
2017-07-31 15:16:53.504  INFO 4186 --- [main] s.c.a.AnnotationConfigApplicationContext : Refreshing org.springframework.context.annotation.AnnotationConfigApplicationContext@39ac0c0a: startup date [Mon Jul 31 15:16:53 CST 2017]; root of context hierarchy
2017-07-31 15:16:56.299  INFO 4186 --- [main] o.s.jdbc.datasource.init.ScriptUtils     : Executing SQL script from URL [file:/Users/ytx/ws-atom/atom-schema/schema-core/target/test-classes/schema-mysql.sql]
2017-07-31 15:16:56.574  INFO 4186 --- [main] o.s.jdbc.datasource.init.ScriptUtils     : Executed SQL script from URL [file:/Users/ytx/ws-atom/atom-schema/schema-core/target/test-classes/schema-mysql.sql] in 274 ms.
2017-07-31 15:16:57.702  INFO 4186 --- [main] c.w.s.i.a.AccountRepositoryImplTest      : Started AccountRepositoryImplTest in 5.305 seconds (JVM running for 7.438)
2017-07-31 15:16:57.807  INFO 4186 --- [Thread-3] s.c.a.AnnotationConfigApplicationContext : Closing org.springframework.context.annotation.AnnotationConfigApplicationContext@39ac0c0a: startup date [Mon Jul 31 15:16:53 CST 2017]; root of context hierarchy
2017-07-31 15:19:49.791  INFO 4189 --- [main] c.w.s.i.a.AccountRepositoryImplTest      : Starting AccountRepositoryImplTest on atomdeMacBook-Pro.local with PID 4189 (started by Atom in /Users/ytx/ws-atom/atom-schema/schema-core)
2017-07-31 15:19:49.793  INFO 4189 --- [main] c.w.s.i.a.AccountRepositoryImplTest      : No active profile set, falling back to default profiles: default
2017-07-31 15:19:49.890  INFO 4189 --- [main] s.c.a.AnnotationConfigApplicationContext : Refreshing org.springframework.context.annotation.AnnotationConfigApplicationContext@39ac0c0a: startup date [Mon Jul 31 15:19:49 CST 2017]; root of context hierarchy
2017-07-31 15:19:53.444  INFO 4189 --- [main] o.s.jdbc.datasource.init.ScriptUtils     : Executing SQL script from URL [file:/Users/ytx/ws-atom/atom-schema/schema-core/target/test-classes/schema-mysql.sql]
2017-07-31 15:19:53.753  INFO 4189 --- [main] o.s.jdbc.datasource.init.ScriptUtils     : Executed SQL script from URL [file:/Users/ytx/ws-atom/atom-schema/schema-core/target/test-classes/schema-mysql.sql] in 307 ms.
2017-07-31 15:19:54.590  INFO 4189 --- [main] c.w.s.i.a.AccountRepositoryImplTest      : Started AccountRepositoryImplTest in 5.984 seconds (JVM running for 7.612)
2017-07-31 15:19:54.718  INFO 4189 --- [Thread-3] s.c.a.AnnotationConfigApplicationContext : Closing org.springframework.context.annotation.AnnotationConfigApplicationContext@39ac0c0a: startup date [Mon Jul 31 15:19:49 CST 2017]; root of context hierarchy
2017-07-31 15:22:39.689  INFO 4198 --- [main] c.w.s.i.a.AccountRepositoryImplTest      : Starting AccountRepositoryImplTest on atomdeMacBook-Pro.local with PID 4198 (started by Atom in /Users/ytx/ws-atom/atom-schema/schema-core)
2017-07-31 15:22:39.695  INFO 4198 --- [main] c.w.s.i.a.AccountRepositoryImplTest      : No active profile set, falling back to default profiles: default
2017-07-31 15:22:39.908  INFO 4198 --- [main] s.c.a.AnnotationConfigApplicationContext : Refreshing org.springframework.context.annotation.AnnotationConfigApplicationContext@39ac0c0a: startup date [Mon Jul 31 15:22:39 CST 2017]; root of context hierarchy
2017-07-31 15:22:42.545  INFO 4198 --- [main] o.s.jdbc.datasource.init.ScriptUtils     : Executing SQL script from URL [file:/Users/ytx/ws-atom/atom-schema/schema-core/target/test-classes/schema-mysql.sql]
2017-07-31 15:22:42.835  INFO 4198 --- [main] o.s.jdbc.datasource.init.ScriptUtils     : Executed SQL script from URL [file:/Users/ytx/ws-atom/atom-schema/schema-core/target/test-classes/schema-mysql.sql] in 288 ms.
2017-07-31 15:22:42.840  INFO 4198 --- [main] o.s.jdbc.datasource.init.ScriptUtils     : Executing SQL script from URL [file:/Users/ytx/ws-atom/atom-schema/schema-core/target/test-classes/data-mysql.sql]
2017-07-31 15:22:42.944  INFO 4198 --- [main] o.s.jdbc.datasource.init.ScriptUtils     : Executed SQL script from URL [file:/Users/ytx/ws-atom/atom-schema/schema-core/target/test-classes/data-mysql.sql] in 104 ms.
2017-07-31 15:22:43.901  INFO 4198 --- [main] c.w.s.i.a.AccountRepositoryImplTest      : Started AccountRepositoryImplTest in 5.332 seconds (JVM running for 8.898)
2017-07-31 15:22:44.067  INFO 4198 --- [Thread-3] s.c.a.AnnotationConfigApplicationContext : Closing org.springframework.context.annotation.AnnotationConfigApplicationContext@39ac0c0a: startup date [Mon Jul 31 15:22:39 CST 2017]; root of context hierarchy
2017-07-31 15:24:00.264  INFO 4205 --- [main] c.w.s.i.a.AccountRepositoryImplTest      : Starting AccountRepositoryImplTest on atomdeMacBook-Pro.local with PID 4205 (started by Atom in /Users/ytx/ws-atom/atom-schema/schema-core)
2017-07-31 15:24:00.268  INFO 4205 --- [main] c.w.s.i.a.AccountRepositoryImplTest      : No active profile set, falling back to default profiles: default
2017-07-31 15:24:00.372  INFO 4205 --- [main] s.c.a.AnnotationConfigApplicationContext : Refreshing org.springframework.context.annotation.AnnotationConfigApplicationContext@39ac0c0a: startup date [Mon Jul 31 15:24:00 CST 2017]; root of context hierarchy
2017-07-31 15:24:03.277  INFO 4205 --- [main] o.s.jdbc.datasource.init.ScriptUtils     : Executing SQL script from URL [file:/Users/ytx/ws-atom/atom-schema/schema-core/target/test-classes/schema-mysql.sql]
2017-07-31 15:24:03.535  INFO 4205 --- [main] o.s.jdbc.datasource.init.ScriptUtils     : Executed SQL script from URL [file:/Users/ytx/ws-atom/atom-schema/schema-core/target/test-classes/schema-mysql.sql] in 257 ms.
2017-07-31 15:24:03.538  INFO 4205 --- [main] o.s.jdbc.datasource.init.ScriptUtils     : Executing SQL script from URL [file:/Users/ytx/ws-atom/atom-schema/schema-core/target/test-classes/data-mysql.sql]
2017-07-31 15:24:03.633  INFO 4205 --- [main] o.s.jdbc.datasource.init.ScriptUtils     : Executed SQL script from URL [file:/Users/ytx/ws-atom/atom-schema/schema-core/target/test-classes/data-mysql.sql] in 95 ms.
2017-07-31 15:24:04.391  INFO 4205 --- [main] c.w.s.i.a.AccountRepositoryImplTest      : Started AccountRepositoryImplTest in 5.088 seconds (JVM running for 6.766)
2017-07-31 15:24:04.537  INFO 4205 --- [Thread-3] s.c.a.AnnotationConfigApplicationContext : Closing org.springframework.context.annotation.AnnotationConfigApplicationContext@39ac0c0a: startup date [Mon Jul 31 15:24:00 CST 2017]; root of context hierarchy
2017-07-31 15:25:49.357  INFO 4276 --- [main] c.w.s.i.a.AccountRepositoryImplTest      : Starting AccountRepositoryImplTest on atomdeMacBook-Pro.local with PID 4276 (started by Atom in /Users/ytx/ws-atom/atom-schema/schema-core)
2017-07-31 15:25:49.362  INFO 4276 --- [main] c.w.s.i.a.AccountRepositoryImplTest      : No active profile set, falling back to default profiles: default
2017-07-31 15:25:49.431  INFO 4276 --- [main] s.c.a.AnnotationConfigApplicationContext : Refreshing org.springframework.context.annotation.AnnotationConfigApplicationContext@c7ba306: startup date [Mon Jul 31 15:25:49 CST 2017]; root of context hierarchy
2017-07-31 15:25:51.858  INFO 4276 --- [main] o.s.jdbc.datasource.init.ScriptUtils     : Executing SQL script from URL [file:/Users/ytx/ws-atom/atom-schema/schema-core/target/test-classes/schema-mysql.sql]
2017-07-31 15:25:52.117  INFO 4276 --- [main] o.s.jdbc.datasource.init.ScriptUtils     : Executed SQL script from URL [file:/Users/ytx/ws-atom/atom-schema/schema-core/target/test-classes/schema-mysql.sql] in 259 ms.
2017-07-31 15:25:52.123  INFO 4276 --- [main] o.s.jdbc.datasource.init.ScriptUtils     : Executing SQL script from URL [file:/Users/ytx/ws-atom/atom-schema/schema-core/target/test-classes/data-mysql.sql]
2017-07-31 15:25:52.224  INFO 4276 --- [main] o.s.jdbc.datasource.init.ScriptUtils     : Executed SQL script from URL [file:/Users/ytx/ws-atom/atom-schema/schema-core/target/test-classes/data-mysql.sql] in 100 ms.
2017-07-31 15:25:52.976  INFO 4276 --- [main] c.w.s.i.a.AccountRepositoryImplTest      : Started AccountRepositoryImplTest in 4.753 seconds (JVM running for 7.112)
2017-07-31 15:25:53.182  INFO 4276 --- [Thread-3] s.c.a.AnnotationConfigApplicationContext : Closing org.springframework.context.annotation.AnnotationConfigApplicationContext@c7ba306: startup date [Mon Jul 31 15:25:49 CST 2017]; root of context hierarchy
2017-07-31 15:29:00.199  INFO 4278 --- [main] c.w.s.i.a.AccountRepositoryImplTest      : Starting AccountRepositoryImplTest on atomdeMacBook-Pro.local with PID 4278 (started by Atom in /Users/ytx/ws-atom/atom-schema/schema-core)
2017-07-31 15:29:00.201  INFO 4278 --- [main] c.w.s.i.a.AccountRepositoryImplTest      : No active profile set, falling back to default profiles: default
2017-07-31 15:29:00.250  INFO 4278 --- [main] s.c.a.AnnotationConfigApplicationContext : Refreshing org.springframework.context.annotation.AnnotationConfigApplicationContext@39ac0c0a: startup date [Mon Jul 31 15:29:00 CST 2017]; root of context hierarchy
2017-07-31 15:29:03.559  INFO 4278 --- [main] c.w.s.i.a.AccountRepositoryImplTest      : Started AccountRepositoryImplTest in 4.69 seconds (JVM running for 7.055)
2017-07-31 15:29:03.663  INFO 4278 --- [Thread-2] s.c.a.AnnotationConfigApplicationContext : Closing org.springframework.context.annotation.AnnotationConfigApplicationContext@39ac0c0a: startup date [Mon Jul 31 15:29:00 CST 2017]; root of context hierarchy
2017-07-31 15:29:24.241  INFO 4280 --- [main] c.w.s.i.a.AccountRepositoryImplTest      : Starting AccountRepositoryImplTest on atomdeMacBook-Pro.local with PID 4280 (started by Atom in /Users/ytx/ws-atom/atom-schema/schema-core)
2017-07-31 15:29:24.243  INFO 4280 --- [main] c.w.s.i.a.AccountRepositoryImplTest      : No active profile set, falling back to default profiles: default
2017-07-31 15:29:24.382  INFO 4280 --- [main] s.c.a.AnnotationConfigApplicationContext : Refreshing org.springframework.context.annotation.AnnotationConfigApplicationContext@39ac0c0a: startup date [Mon Jul 31 15:29:24 CST 2017]; root of context hierarchy
2017-07-31 15:29:27.918  INFO 4280 --- [main] o.s.jdbc.datasource.init.ScriptUtils     : Executing SQL script from URL [file:/Users/ytx/ws-atom/atom-schema/schema-core/target/test-classes/schema-mysql.sql]
2017-07-31 15:29:28.191  INFO 4280 --- [main] o.s.jdbc.datasource.init.ScriptUtils     : Executed SQL script from URL [file:/Users/ytx/ws-atom/atom-schema/schema-core/target/test-classes/schema-mysql.sql] in 273 ms.
2017-07-31 15:29:28.196  INFO 4280 --- [main] o.s.jdbc.datasource.init.ScriptUtils     : Executing SQL script from URL [file:/Users/ytx/ws-atom/atom-schema/schema-core/target/test-classes/data-mysql.sql]
2017-07-31 15:29:28.297  INFO 4280 --- [main] o.s.jdbc.datasource.init.ScriptUtils     : Executed SQL script from URL [file:/Users/ytx/ws-atom/atom-schema/schema-core/target/test-classes/data-mysql.sql] in 100 ms.
2017-07-31 15:29:29.134  INFO 4280 --- [main] c.w.s.i.a.AccountRepositoryImplTest      : Started AccountRepositoryImplTest in 5.796 seconds (JVM running for 7.458)
2017-07-31 15:29:29.225  INFO 4280 --- [Thread-3] s.c.a.AnnotationConfigApplicationContext : Closing org.springframework.context.annotation.AnnotationConfigApplicationContext@39ac0c0a: startup date [Mon Jul 31 15:29:24 CST 2017]; root of context hierarchy
2017-07-31 15:30:39.596  INFO 4283 --- [main] c.w.s.i.a.AccountRepositoryImplTest      : Starting AccountRepositoryImplTest on atomdeMacBook-Pro.local with PID 4283 (started by Atom in /Users/ytx/ws-atom/atom-schema/schema-core)
2017-07-31 15:30:39.599  INFO 4283 --- [main] c.w.s.i.a.AccountRepositoryImplTest      : No active profile set, falling back to default profiles: default
2017-07-31 15:30:39.659  INFO 4283 --- [main] s.c.a.AnnotationConfigApplicationContext : Refreshing org.springframework.context.annotation.AnnotationConfigApplicationContext@39ac0c0a: startup date [Mon Jul 31 15:30:39 CST 2017]; root of context hierarchy
2017-07-31 15:30:42.828  INFO 4283 --- [main] o.s.jdbc.datasource.init.ScriptUtils     : Executing SQL script from URL [file:/Users/ytx/ws-atom/atom-schema/schema-core/target/test-classes/schema-mysql.sql]
2017-07-31 15:30:43.107  INFO 4283 --- [main] o.s.jdbc.datasource.init.ScriptUtils     : Executed SQL script from URL [file:/Users/ytx/ws-atom/atom-schema/schema-core/target/test-classes/schema-mysql.sql] in 279 ms.
2017-07-31 15:30:43.110  INFO 4283 --- [main] o.s.jdbc.datasource.init.ScriptUtils     : Executing SQL script from URL [file:/Users/ytx/ws-atom/atom-schema/schema-core/target/test-classes/data-mysql.sql]
2017-07-31 15:30:43.205  INFO 4283 --- [main] o.s.jdbc.datasource.init.ScriptUtils     : Executed SQL script from URL [file:/Users/ytx/ws-atom/atom-schema/schema-core/target/test-classes/data-mysql.sql] in 94 ms.
2017-07-31 15:30:44.027  INFO 4283 --- [main] c.w.s.i.a.AccountRepositoryImplTest      : Started AccountRepositoryImplTest in 5.744 seconds (JVM running for 7.405)
2017-07-31 15:30:44.242  INFO 4283 --- [Thread-3] s.c.a.AnnotationConfigApplicationContext : Closing org.springframework.context.annotation.AnnotationConfigApplicationContext@39ac0c0a: startup date [Mon Jul 31 15:30:39 CST 2017]; root of context hierarchy
2017-07-31 15:32:41.315  INFO 4285 --- [main] c.w.s.i.a.AccountRepositoryImplTest      : Starting AccountRepositoryImplTest on atomdeMacBook-Pro.local with PID 4285 (started by Atom in /Users/ytx/ws-atom/atom-schema/schema-core)
2017-07-31 15:32:41.318  INFO 4285 --- [main] c.w.s.i.a.AccountRepositoryImplTest      : No active profile set, falling back to default profiles: default
2017-07-31 15:32:41.416  INFO 4285 --- [main] s.c.a.AnnotationConfigApplicationContext : Refreshing org.springframework.context.annotation.AnnotationConfigApplicationContext@c7ba306: startup date [Mon Jul 31 15:32:41 CST 2017]; root of context hierarchy
2017-07-31 15:32:44.383  INFO 4285 --- [main] o.s.jdbc.datasource.init.ScriptUtils     : Executing SQL script from URL [file:/Users/ytx/ws-atom/atom-schema/schema-core/target/test-classes/schema-mysql.sql]
2017-07-31 15:32:44.660  INFO 4285 --- [main] o.s.jdbc.datasource.init.ScriptUtils     : Executed SQL script from URL [file:/Users/ytx/ws-atom/atom-schema/schema-core/target/test-classes/schema-mysql.sql] in 275 ms.
2017-07-31 15:32:44.669  INFO 4285 --- [main] o.s.jdbc.datasource.init.ScriptUtils     : Executing SQL script from URL [file:/Users/ytx/ws-atom/atom-schema/schema-core/target/test-classes/data-mysql.sql]
2017-07-31 15:32:44.806  INFO 4285 --- [main] o.s.jdbc.datasource.init.ScriptUtils     : Executed SQL script from URL [file:/Users/ytx/ws-atom/atom-schema/schema-core/target/test-classes/data-mysql.sql] in 136 ms.
2017-07-31 15:32:45.735  INFO 4285 --- [main] c.w.s.i.a.AccountRepositoryImplTest      : Started AccountRepositoryImplTest in 5.883 seconds (JVM running for 8.194)
2017-07-31 15:32:46.010  INFO 4285 --- [Thread-3] s.c.a.AnnotationConfigApplicationContext : Closing org.springframework.context.annotation.AnnotationConfigApplicationContext@c7ba306: startup date [Mon Jul 31 15:32:41 CST 2017]; root of context hierarchy
2017-07-31 15:34:09.870  INFO 4287 --- [main] c.w.s.i.account.AccountServiceImplTest   : Starting AccountServiceImplTest on atomdeMacBook-Pro.local with PID 4287 (started by Atom in /Users/ytx/ws-atom/atom-schema/schema-core)
2017-07-31 15:34:09.873  INFO 4287 --- [main] c.w.s.i.account.AccountServiceImplTest   : No active profile set, falling back to default profiles: default
2017-07-31 15:34:09.956  INFO 4287 --- [main] s.c.a.AnnotationConfigApplicationContext : Refreshing org.springframework.context.annotation.AnnotationConfigApplicationContext@c7ba306: startup date [Mon Jul 31 15:34:09 CST 2017]; root of context hierarchy
2017-07-31 15:34:13.518  INFO 4287 --- [main] o.s.jdbc.datasource.init.ScriptUtils     : Executing SQL script from URL [file:/Users/ytx/ws-atom/atom-schema/schema-core/target/test-classes/schema-mysql.sql]
2017-07-31 15:34:13.785  INFO 4287 --- [main] o.s.jdbc.datasource.init.ScriptUtils     : Executed SQL script from URL [file:/Users/ytx/ws-atom/atom-schema/schema-core/target/test-classes/schema-mysql.sql] in 265 ms.
2017-07-31 15:34:13.790  INFO 4287 --- [main] o.s.jdbc.datasource.init.ScriptUtils     : Executing SQL script from URL [file:/Users/ytx/ws-atom/atom-schema/schema-core/target/test-classes/data-mysql.sql]
2017-07-31 15:34:13.952  INFO 4287 --- [main] o.s.jdbc.datasource.init.ScriptUtils     : Executed SQL script from URL [file:/Users/ytx/ws-atom/atom-schema/schema-core/target/test-classes/data-mysql.sql] in 159 ms.
2017-07-31 15:34:14.952  INFO 4287 --- [main] c.w.s.i.account.AccountServiceImplTest   : Started AccountServiceImplTest in 5.952 seconds (JVM running for 7.525)
2017-07-31 15:34:15.347  INFO 4287 --- [Thread-3] s.c.a.AnnotationConfigApplicationContext : Closing org.springframework.context.annotation.AnnotationConfigApplicationContext@c7ba306: startup date [Mon Jul 31 15:34:09 CST 2017]; root of context hierarchy
2017-07-31 16:16:54.709  INFO 4905 --- [main] c.w.s.i.a.AccountRepositoryImplTest      : Starting AccountRepositoryImplTest on atomdeMacBook-Pro.local with PID 4905 (started by Atom in /Users/ytx/ws-atom/atom-schema/schema-core)
2017-07-31 16:16:54.711  INFO 4905 --- [main] c.w.s.i.a.AccountRepositoryImplTest      : No active profile set, falling back to default profiles: default
2017-07-31 16:16:54.757  INFO 4905 --- [main] s.c.a.AnnotationConfigApplicationContext : Refreshing org.springframework.context.annotation.AnnotationConfigApplicationContext@1e178745: startup date [Mon Jul 31 16:16:54 CST 2017]; root of context hierarchy
2017-07-31 16:16:56.046  INFO 4905 --- [main] o.s.jdbc.datasource.init.ScriptUtils     : Executing SQL script from URL [file:/Users/ytx/ws-atom/atom-schema/schema-core/target/test-classes/schema-mysql.sql]
2017-07-31 16:16:56.340  INFO 4905 --- [main] o.s.jdbc.datasource.init.ScriptUtils     : Executed SQL script from URL [file:/Users/ytx/ws-atom/atom-schema/schema-core/target/test-classes/schema-mysql.sql] in 294 ms.
2017-07-31 16:16:56.344  INFO 4905 --- [main] o.s.jdbc.datasource.init.ScriptUtils     : Executing SQL script from URL [file:/Users/ytx/ws-atom/atom-schema/schema-core/target/test-classes/data-mysql.sql]
2017-07-31 16:16:56.444  INFO 4905 --- [main] o.s.jdbc.datasource.init.ScriptUtils     : Executed SQL script from URL [file:/Users/ytx/ws-atom/atom-schema/schema-core/target/test-classes/data-mysql.sql] in 100 ms.
2017-07-31 16:16:57.037  INFO 4905 --- [main] c.w.s.i.a.AccountRepositoryImplTest      : Started AccountRepositoryImplTest in 2.93 seconds (JVM running for 3.699)
2017-07-31 16:16:57.213  INFO 4905 --- [main] .b.t.c.SpringBootTestContextBootstrapper : Neither @ContextConfiguration nor @ContextHierarchy found for test class [com.watent.schema.infrastructure.account.AccountServiceImplTest], using SpringBootContextLoader
2017-07-31 16:16:57.214  INFO 4905 --- [main] o.s.t.c.support.AbstractContextLoader    : Could not detect default resource locations for test class [com.watent.schema.infrastructure.account.AccountServiceImplTest]: no resource found for suffixes {-context.xml, Context.groovy}.
2017-07-31 16:16:57.230  INFO 4905 --- [main] .b.t.c.SpringBootTestContextBootstrapper : Loaded default TestExecutionListener class names from location [META-INF/spring.factories]: [org.springframework.boot.test.mock.mockito.MockitoTestExecutionListener, org.springframework.boot.test.mock.mockito.ResetMocksTestExecutionListener, org.springframework.boot.test.autoconfigure.restdocs.RestDocsTestExecutionListener, org.springframework.boot.test.autoconfigure.web.client.MockRestServiceServerResetTestExecutionListener, org.springframework.boot.test.autoconfigure.web.servlet.MockMvcPrintOnlyOnFailureTestExecutionListener, org.springframework.boot.test.autoconfigure.web.servlet.WebDriverTestExecutionListener, org.springframework.test.context.web.ServletTestExecutionListener, org.springframework.test.context.support.DirtiesContextBeforeModesTestExecutionListener, org.springframework.test.context.support.DependencyInjectionTestExecutionListener, org.springframework.test.context.support.DirtiesContextTestExecutionListener, org.springframework.test.context.transaction.TransactionalTestExecutionListener, org.springframework.test.context.jdbc.SqlScriptsTestExecutionListener]
2017-07-31 16:16:57.234  INFO 4905 --- [main] .b.t.c.SpringBootTestContextBootstrapper : Could not instantiate TestExecutionListener [org.springframework.test.context.web.ServletTestExecutionListener]. Specify custom listener classes or make the default listener classes (and their required dependencies) available. Offending class: [javax/servlet/ServletContext]
2017-07-31 16:16:57.235  INFO 4905 --- [main] .b.t.c.SpringBootTestContextBootstrapper : Using TestExecutionListeners: [org.springframework.test.context.support.DirtiesContextBeforeModesTestExecutionListener@5f577419, org.springframework.boot.test.autoconfigure.SpringBootDependencyInjectionTestExecutionListener@28fa700e, org.springframework.test.context.support.DirtiesContextTestExecutionListener@3d526ad9, org.springframework.test.context.transaction.TransactionalTestExecutionListener@e041f0c, org.springframework.test.context.jdbc.SqlScriptsTestExecutionListener@6a175569, org.springframework.boot.test.autoconfigure.web.client.MockRestServiceServerResetTestExecutionListener@11963225, org.springframework.boot.test.mock.mockito.MockitoTestExecutionListener@3f3c966c, org.springframework.boot.test.autoconfigure.web.servlet.WebDriverTestExecutionListener@11ee02f8, org.springframework.boot.test.autoconfigure.restdocs.RestDocsTestExecutionListener@4102b1b1, org.springframework.boot.test.autoconfigure.web.servlet.MockMvcPrintOnlyOnFailureTestExecutionListener@61a5b4ae, org.springframework.boot.test.mock.mockito.ResetMocksTestExecutionListener@3a71c100]
2017-07-31 16:16:57.286  INFO 4905 --- [Thread-3] s.c.a.AnnotationConfigApplicationContext : Closing org.springframework.context.annotation.AnnotationConfigApplicationContext@1e178745: startup date [Mon Jul 31 16:16:54 CST 2017]; root of context hierarchy
2017-07-31 16:18:36.584  INFO 4916 --- [main] c.w.s.i.a.AccountRepositoryImplTest      : Starting AccountRepositoryImplTest on atomdeMacBook-Pro.local with PID 4916 (started by Atom in /Users/ytx/ws-atom/atom-schema/schema-core)
2017-07-31 16:18:36.585  INFO 4916 --- [main] c.w.s.i.a.AccountRepositoryImplTest      : No active profile set, falling back to default profiles: default
2017-07-31 16:18:36.630  INFO 4916 --- [main] s.c.a.AnnotationConfigApplicationContext : Refreshing org.springframework.context.annotation.AnnotationConfigApplicationContext@7d446ed1: startup date [Mon Jul 31 16:18:36 CST 2017]; root of context hierarchy
2017-07-31 16:18:38.963  INFO 4916 --- [main] o.s.jdbc.datasource.init.ScriptUtils     : Executing SQL script from URL [file:/Users/ytx/ws-atom/atom-schema/schema-core/target/test-classes/schema-mysql.sql]
2017-07-31 16:18:39.231  INFO 4916 --- [main] o.s.jdbc.datasource.init.ScriptUtils     : Executed SQL script from URL [file:/Users/ytx/ws-atom/atom-schema/schema-core/target/test-classes/schema-mysql.sql] in 267 ms.
2017-07-31 16:18:39.235  INFO 4916 --- [main] o.s.jdbc.datasource.init.ScriptUtils     : Executing SQL script from URL [file:/Users/ytx/ws-atom/atom-schema/schema-core/target/test-classes/data-mysql.sql]
2017-07-31 16:18:39.330  INFO 4916 --- [main] o.s.jdbc.datasource.init.ScriptUtils     : Executed SQL script from URL [file:/Users/ytx/ws-atom/atom-schema/schema-core/target/test-classes/data-mysql.sql] in 94 ms.
2017-07-31 16:18:40.008  INFO 4916 --- [main] c.w.s.i.a.AccountRepositoryImplTest      : Started AccountRepositoryImplTest in 4.403 seconds (JVM running for 6.456)
2017-07-31 16:18:40.385  INFO 4916 --- [Thread-3] s.c.a.AnnotationConfigApplicationContext : Closing org.springframework.context.annotation.AnnotationConfigApplicationContext@7d446ed1: startup date [Mon Jul 31 16:18:36 CST 2017]; root of context hierarchy
2017-07-31 16:19:01.530  INFO 4942 --- [main] c.w.s.i.a.AccountRepositoryImplTest      : Starting AccountRepositoryImplTest on atomdeMacBook-Pro.local with PID 4942 (started by Atom in /Users/ytx/ws-atom/atom-schema/schema-core)
2017-07-31 16:19:01.531  INFO 4942 --- [main] c.w.s.i.a.AccountRepositoryImplTest      : No active profile set, falling back to default profiles: default
2017-07-31 16:19:01.564  INFO 4942 --- [main] s.c.a.AnnotationConfigApplicationContext : Refreshing org.springframework.context.annotation.AnnotationConfigApplicationContext@192c3f1e: startup date [Mon Jul 31 16:19:01 CST 2017]; root of context hierarchy
2017-07-31 16:19:02.822  INFO 4942 --- [main] o.s.jdbc.datasource.init.ScriptUtils     : Executing SQL script from URL [file:/Users/ytx/ws-atom/atom-schema/schema-core/target/test-classes/schema-mysql.sql]
2017-07-31 16:19:03.094  INFO 4942 --- [main] o.s.jdbc.datasource.init.ScriptUtils     : Executed SQL script from URL [file:/Users/ytx/ws-atom/atom-schema/schema-core/target/test-classes/schema-mysql.sql] in 271 ms.
2017-07-31 16:19:03.098  INFO 4942 --- [main] o.s.jdbc.datasource.init.ScriptUtils     : Executing SQL script from URL [file:/Users/ytx/ws-atom/atom-schema/schema-core/target/test-classes/data-mysql.sql]
2017-07-31 16:19:03.205  INFO 4942 --- [main] o.s.jdbc.datasource.init.ScriptUtils     : Executed SQL script from URL [file:/Users/ytx/ws-atom/atom-schema/schema-core/target/test-classes/data-mysql.sql] in 106 ms.
2017-07-31 16:19:03.739  INFO 4942 --- [main] c.w.s.i.a.AccountRepositoryImplTest      : Started AccountRepositoryImplTest in 2.525 seconds (JVM running for 3.29)
2017-07-31 16:19:03.929  INFO 4942 --- [main] .b.t.c.SpringBootTestContextBootstrapper : Neither @ContextConfiguration nor @ContextHierarchy found for test class [com.watent.schema.infrastructure.account.AccountServiceImplTest], using SpringBootContextLoader
2017-07-31 16:19:03.930  INFO 4942 --- [main] o.s.t.c.support.AbstractContextLoader    : Could not detect default resource locations for test class [com.watent.schema.infrastructure.account.AccountServiceImplTest]: no resource found for suffixes {-context.xml, Context.groovy}.
2017-07-31 16:19:03.940  INFO 4942 --- [main] .b.t.c.SpringBootTestContextBootstrapper : Loaded default TestExecutionListener class names from location [META-INF/spring.factories]: [org.springframework.boot.test.mock.mockito.MockitoTestExecutionListener, org.springframework.boot.test.mock.mockito.ResetMocksTestExecutionListener, org.springframework.boot.test.autoconfigure.restdocs.RestDocsTestExecutionListener, org.springframework.boot.test.autoconfigure.web.client.MockRestServiceServerResetTestExecutionListener, org.springframework.boot.test.autoconfigure.web.servlet.MockMvcPrintOnlyOnFailureTestExecutionListener, org.springframework.boot.test.autoconfigure.web.servlet.WebDriverTestExecutionListener, org.springframework.test.context.web.ServletTestExecutionListener, org.springframework.test.context.support.DirtiesContextBeforeModesTestExecutionListener, org.springframework.test.context.support.DependencyInjectionTestExecutionListener, org.springframework.test.context.support.DirtiesContextTestExecutionListener, org.springframework.test.context.transaction.TransactionalTestExecutionListener, org.springframework.test.context.jdbc.SqlScriptsTestExecutionListener]
2017-07-31 16:19:03.948  INFO 4942 --- [main] .b.t.c.SpringBootTestContextBootstrapper : Could not instantiate TestExecutionListener [org.springframework.test.context.web.ServletTestExecutionListener]. Specify custom listener classes or make the default listener classes (and their required dependencies) available. Offending class: [javax/servlet/ServletContext]
2017-07-31 16:19:03.949  INFO 4942 --- [main] .b.t.c.SpringBootTestContextBootstrapper : Using TestExecutionListeners: [org.springframework.test.context.support.DirtiesContextBeforeModesTestExecutionListener@3a71c100, org.springframework.boot.test.autoconfigure.SpringBootDependencyInjectionTestExecutionListener@5b69fd74, org.springframework.test.context.support.DirtiesContextTestExecutionListener@f325091, org.springframework.test.context.transaction.TransactionalTestExecutionListener@437e951d, org.springframework.test.context.jdbc.SqlScriptsTestExecutionListener@77b325b3, org.springframework.boot.test.autoconfigure.web.client.MockRestServiceServerResetTestExecutionListener@63a5e46c, org.springframework.boot.test.mock.mockito.MockitoTestExecutionListener@7e8e8651, org.springframework.boot.test.autoconfigure.web.servlet.WebDriverTestExecutionListener@49ef32e0, org.springframework.boot.test.autoconfigure.restdocs.RestDocsTestExecutionListener@271f18d3, org.springframework.boot.test.autoconfigure.web.servlet.MockMvcPrintOnlyOnFailureTestExecutionListener@6bd51ed8, org.springframework.boot.test.mock.mockito.ResetMocksTestExecutionListener@61e3a1fd]
2017-07-31 16:19:04.011  INFO 4942 --- [Thread-3] s.c.a.AnnotationConfigApplicationContext : Closing org.springframework.context.annotation.AnnotationConfigApplicationContext@192c3f1e: startup date [Mon Jul 31 16:19:01 CST 2017]; root of context hierarchy
2017-07-31 16:20:22.502  INFO 5007 --- [main] c.w.s.i.a.AccountRepositoryImplTest      : Starting AccountRepositoryImplTest on atomdeMacBook-Pro.local with PID 5007 (started by Atom in /Users/ytx/ws-atom/atom-schema/schema-core)
2017-07-31 16:20:22.503  INFO 5007 --- [main] c.w.s.i.a.AccountRepositoryImplTest      : No active profile set, falling back to default profiles: default
2017-07-31 16:20:22.540  INFO 5007 --- [main] s.c.a.AnnotationConfigApplicationContext : Refreshing org.springframework.context.annotation.AnnotationConfigApplicationContext@192c3f1e: startup date [Mon Jul 31 16:20:22 CST 2017]; root of context hierarchy
2017-07-31 16:20:23.815  INFO 5007 --- [main] o.s.jdbc.datasource.init.ScriptUtils     : Executing SQL script from URL [file:/Users/ytx/ws-atom/atom-schema/schema-core/target/test-classes/schema-mysql.sql]
2017-07-31 16:20:24.066  INFO 5007 --- [main] o.s.jdbc.datasource.init.ScriptUtils     : Executed SQL script from URL [file:/Users/ytx/ws-atom/atom-schema/schema-core/target/test-classes/schema-mysql.sql] in 251 ms.
2017-07-31 16:20:24.071  INFO 5007 --- [main] o.s.jdbc.datasource.init.ScriptUtils     : Executing SQL script from URL [file:/Users/ytx/ws-atom/atom-schema/schema-core/target/test-classes/data-mysql.sql]
2017-07-31 16:20:24.193  INFO 5007 --- [main] o.s.jdbc.datasource.init.ScriptUtils     : Executed SQL script from URL [file:/Users/ytx/ws-atom/atom-schema/schema-core/target/test-classes/data-mysql.sql] in 122 ms.
2017-07-31 16:20:24.721  INFO 5007 --- [main] c.w.s.i.a.AccountRepositoryImplTest      : Started AccountRepositoryImplTest in 2.521 seconds (JVM running for 3.256)
2017-07-31 16:20:24.908  INFO 5007 --- [main] .b.t.c.SpringBootTestContextBootstrapper : Neither @ContextConfiguration nor @ContextHierarchy found for test class [com.watent.schema.infrastructure.account.AccountServiceImplTest], using SpringBootContextLoader
2017-07-31 16:20:24.909  INFO 5007 --- [main] o.s.t.c.support.AbstractContextLoader    : Could not detect default resource locations for test class [com.watent.schema.infrastructure.account.AccountServiceImplTest]: no resource found for suffixes {-context.xml, Context.groovy}.
2017-07-31 16:20:24.925  INFO 5007 --- [main] .b.t.c.SpringBootTestContextBootstrapper : Loaded default TestExecutionListener class names from location [META-INF/spring.factories]: [org.springframework.boot.test.mock.mockito.MockitoTestExecutionListener, org.springframework.boot.test.mock.mockito.ResetMocksTestExecutionListener, org.springframework.boot.test.autoconfigure.restdocs.RestDocsTestExecutionListener, org.springframework.boot.test.autoconfigure.web.client.MockRestServiceServerResetTestExecutionListener, org.springframework.boot.test.autoconfigure.web.servlet.MockMvcPrintOnlyOnFailureTestExecutionListener, org.springframework.boot.test.autoconfigure.web.servlet.WebDriverTestExecutionListener, org.springframework.test.context.web.ServletTestExecutionListener, org.springframework.test.context.support.DirtiesContextBeforeModesTestExecutionListener, org.springframework.test.context.support.DependencyInjectionTestExecutionListener, org.springframework.test.context.support.DirtiesContextTestExecutionListener, org.springframework.test.context.transaction.TransactionalTestExecutionListener, org.springframework.test.context.jdbc.SqlScriptsTestExecutionListener]
2017-07-31 16:20:24.936  INFO 5007 --- [main] .b.t.c.SpringBootTestContextBootstrapper : Could not instantiate TestExecutionListener [org.springframework.test.context.web.ServletTestExecutionListener]. Specify custom listener classes or make the default listener classes (and their required dependencies) available. Offending class: [javax/servlet/ServletContext]
2017-07-31 16:20:24.937  INFO 5007 --- [main] .b.t.c.SpringBootTestContextBootstrapper : Using TestExecutionListeners: [org.springframework.test.context.support.DirtiesContextBeforeModesTestExecutionListener@4102b1b1, org.springframework.boot.test.autoconfigure.SpringBootDependencyInjectionTestExecutionListener@61a5b4ae, org.springframework.test.context.support.DirtiesContextTestExecutionListener@3a71c100, org.springframework.test.context.transaction.TransactionalTestExecutionListener@5b69fd74, org.springframework.test.context.jdbc.SqlScriptsTestExecutionListener@f325091, org.springframework.boot.test.autoconfigure.web.client.MockRestServiceServerResetTestExecutionListener@437e951d, org.springframework.boot.test.mock.mockito.MockitoTestExecutionListener@77b325b3, org.springframework.boot.test.autoconfigure.web.servlet.WebDriverTestExecutionListener@63a5e46c, org.springframework.boot.test.autoconfigure.restdocs.RestDocsTestExecutionListener@7e8e8651, org.springframework.boot.test.autoconfigure.web.servlet.MockMvcPrintOnlyOnFailureTestExecutionListener@49ef32e0, org.springframework.boot.test.mock.mockito.ResetMocksTestExecutionListener@271f18d3]
2017-07-31 16:20:25.004  INFO 5007 --- [Thread-3] s.c.a.AnnotationConfigApplicationContext : Closing org.springframework.context.annotation.AnnotationConfigApplicationContext@192c3f1e: startup date [Mon Jul 31 16:20:22 CST 2017]; root of context hierarchy
2017-07-31 16:22:18.606  INFO 5037 --- [main] c.w.s.i.a.AccountRepositoryImplTest      : Starting AccountRepositoryImplTest on atomdeMacBook-Pro.local with PID 5037 (started by Atom in /Users/ytx/ws-atom/atom-schema/schema-core)
2017-07-31 16:22:18.608  INFO 5037 --- [main] c.w.s.i.a.AccountRepositoryImplTest      : No active profile set, falling back to default profiles: default
2017-07-31 16:22:18.642  INFO 5037 --- [main] s.c.a.AnnotationConfigApplicationContext : Refreshing org.springframework.context.annotation.AnnotationConfigApplicationContext@1e178745: startup date [Mon Jul 31 16:22:18 CST 2017]; root of context hierarchy
2017-07-31 16:22:20.054  INFO 5037 --- [main] o.s.jdbc.datasource.init.ScriptUtils     : Executing SQL script from URL [file:/Users/ytx/ws-atom/atom-schema/schema-core/target/test-classes/schema-mysql.sql]
2017-07-31 16:22:20.314  INFO 5037 --- [main] o.s.jdbc.datasource.init.ScriptUtils     : Executed SQL script from URL [file:/Users/ytx/ws-atom/atom-schema/schema-core/target/test-classes/schema-mysql.sql] in 260 ms.
2017-07-31 16:22:20.319  INFO 5037 --- [main] o.s.jdbc.datasource.init.ScriptUtils     : Executing SQL script from URL [file:/Users/ytx/ws-atom/atom-schema/schema-core/target/test-classes/data-mysql.sql]
2017-07-31 16:22:20.416  INFO 5037 --- [main] o.s.jdbc.datasource.init.ScriptUtils     : Executed SQL script from URL [file:/Users/ytx/ws-atom/atom-schema/schema-core/target/test-classes/data-mysql.sql] in 97 ms.
2017-07-31 16:22:20.971  INFO 5037 --- [main] c.w.s.i.a.AccountRepositoryImplTest      : Started AccountRepositoryImplTest in 2.672 seconds (JVM running for 3.445)
2017-07-31 16:22:21.157  INFO 5037 --- [main] .b.t.c.SpringBootTestContextBootstrapper : Neither @ContextConfiguration nor @ContextHierarchy found for test class [com.watent.schema.infrastructure.account.AccountServiceImplTest], using SpringBootContextLoader
2017-07-31 16:22:21.160  INFO 5037 --- [main] o.s.t.c.support.AbstractContextLoader    : Could not detect default resource locations for test class [com.watent.schema.infrastructure.account.AccountServiceImplTest]: no resource found for suffixes {-context.xml, Context.groovy}.
2017-07-31 16:22:21.173  INFO 5037 --- [main] .b.t.c.SpringBootTestContextBootstrapper : Loaded default TestExecutionListener class names from location [META-INF/spring.factories]: [org.springframework.boot.test.mock.mockito.MockitoTestExecutionListener, org.springframework.boot.test.mock.mockito.ResetMocksTestExecutionListener, org.springframework.boot.test.autoconfigure.restdocs.RestDocsTestExecutionListener, org.springframework.boot.test.autoconfigure.web.client.MockRestServiceServerResetTestExecutionListener, org.springframework.boot.test.autoconfigure.web.servlet.MockMvcPrintOnlyOnFailureTestExecutionListener, org.springframework.boot.test.autoconfigure.web.servlet.WebDriverTestExecutionListener, org.springframework.test.context.web.ServletTestExecutionListener, org.springframework.test.context.support.DirtiesContextBeforeModesTestExecutionListener, org.springframework.test.context.support.DependencyInjectionTestExecutionListener, org.springframework.test.context.support.DirtiesContextTestExecutionListener, org.springframework.test.context.transaction.TransactionalTestExecutionListener, org.springframework.test.context.jdbc.SqlScriptsTestExecutionListener]
2017-07-31 16:22:21.178  INFO 5037 --- [main] .b.t.c.SpringBootTestContextBootstrapper : Could not instantiate TestExecutionListener [org.springframework.test.context.web.ServletTestExecutionListener]. Specify custom listener classes or make the default listener classes (and their required dependencies) available. Offending class: [javax/servlet/ServletContext]
2017-07-31 16:22:21.178  INFO 5037 --- [main] .b.t.c.SpringBootTestContextBootstrapper : Using TestExecutionListeners: [org.springframework.test.context.support.DirtiesContextBeforeModesTestExecutionListener@28fa700e, org.springframework.boot.test.autoconfigure.SpringBootDependencyInjectionTestExecutionListener@3d526ad9, org.springframework.test.context.support.DirtiesContextTestExecutionListener@e041f0c, org.springframework.test.context.transaction.TransactionalTestExecutionListener@6a175569, org.springframework.test.context.jdbc.SqlScriptsTestExecutionListener@11963225, org.springframework.boot.test.autoconfigure.web.client.MockRestServiceServerResetTestExecutionListener@3f3c966c, org.springframework.boot.test.mock.mockito.MockitoTestExecutionListener@11ee02f8, org.springframework.boot.test.autoconfigure.web.servlet.WebDriverTestExecutionListener@4102b1b1, org.springframework.boot.test.autoconfigure.restdocs.RestDocsTestExecutionListener@61a5b4ae, org.springframework.boot.test.autoconfigure.web.servlet.MockMvcPrintOnlyOnFailureTestExecutionListener@3a71c100, org.springframework.boot.test.mock.mockito.ResetMocksTestExecutionListener@5b69fd74]
2017-07-31 16:22:21.242  INFO 5037 --- [Thread-3] s.c.a.AnnotationConfigApplicationContext : Closing org.springframework.context.annotation.AnnotationConfigApplicationContext@1e178745: startup date [Mon Jul 31 16:22:18 CST 2017]; root of context hierarchy
2017-07-31 16:22:51.932  INFO 5056 --- [main] c.w.s.i.a.AccountRepositoryImplTest      : Starting AccountRepositoryImplTest on atomdeMacBook-Pro.local with PID 5056 (started by Atom in /Users/ytx/ws-atom/atom-schema/schema-core)
2017-07-31 16:22:51.934  INFO 5056 --- [main] c.w.s.i.a.AccountRepositoryImplTest      : No active profile set, falling back to default profiles: default
2017-07-31 16:22:51.974  INFO 5056 --- [main] s.c.a.AnnotationConfigApplicationContext : Refreshing org.springframework.context.annotation.AnnotationConfigApplicationContext@1e178745: startup date [Mon Jul 31 16:22:51 CST 2017]; root of context hierarchy
2017-07-31 16:22:53.287  INFO 5056 --- [main] o.s.jdbc.datasource.init.ScriptUtils     : Executing SQL script from URL [file:/Users/ytx/ws-atom/atom-schema/schema-core/target/test-classes/schema-mysql.sql]
2017-07-31 16:22:53.525  INFO 5056 --- [main] o.s.jdbc.datasource.init.ScriptUtils     : Executed SQL script from URL [file:/Users/ytx/ws-atom/atom-schema/schema-core/target/test-classes/schema-mysql.sql] in 238 ms.
2017-07-31 16:22:53.529  INFO 5056 --- [main] o.s.jdbc.datasource.init.ScriptUtils     : Executing SQL script from URL [file:/Users/ytx/ws-atom/atom-schema/schema-core/target/test-classes/data-mysql.sql]
2017-07-31 16:22:53.628  INFO 5056 --- [main] o.s.jdbc.datasource.init.ScriptUtils     : Executed SQL script from URL [file:/Users/ytx/ws-atom/atom-schema/schema-core/target/test-classes/data-mysql.sql] in 99 ms.
2017-07-31 16:22:54.182  INFO 5056 --- [main] c.w.s.i.a.AccountRepositoryImplTest      : Started AccountRepositoryImplTest in 2.534 seconds (JVM running for 3.216)
2017-07-31 16:22:54.368  INFO 5056 --- [main] .b.t.c.SpringBootTestContextBootstrapper : Neither @ContextConfiguration nor @ContextHierarchy found for test class [com.watent.schema.infrastructure.account.AccountServiceImplTest], using SpringBootContextLoader
2017-07-31 16:22:54.375  INFO 5056 --- [main] o.s.t.c.support.AbstractContextLoader    : Could not detect default resource locations for test class [com.watent.schema.infrastructure.account.AccountServiceImplTest]: no resource found for suffixes {-context.xml, Context.groovy}.
2017-07-31 16:22:54.389  INFO 5056 --- [main] .b.t.c.SpringBootTestContextBootstrapper : Loaded default TestExecutionListener class names from location [META-INF/spring.factories]: [org.springframework.boot.test.mock.mockito.MockitoTestExecutionListener, org.springframework.boot.test.mock.mockito.ResetMocksTestExecutionListener, org.springframework.boot.test.autoconfigure.restdocs.RestDocsTestExecutionListener, org.springframework.boot.test.autoconfigure.web.client.MockRestServiceServerResetTestExecutionListener, org.springframework.boot.test.autoconfigure.web.servlet.MockMvcPrintOnlyOnFailureTestExecutionListener, org.springframework.boot.test.autoconfigure.web.servlet.WebDriverTestExecutionListener, org.springframework.test.context.web.ServletTestExecutionListener, org.springframework.test.context.support.DirtiesContextBeforeModesTestExecutionListener, org.springframework.test.context.support.DependencyInjectionTestExecutionListener, org.springframework.test.context.support.DirtiesContextTestExecutionListener, org.springframework.test.context.transaction.TransactionalTestExecutionListener, org.springframework.test.context.jdbc.SqlScriptsTestExecutionListener]
2017-07-31 16:22:54.393  INFO 5056 --- [main] .b.t.c.SpringBootTestContextBootstrapper : Could not instantiate TestExecutionListener [org.springframework.test.context.web.ServletTestExecutionListener]. Specify custom listener classes or make the default listener classes (and their required dependencies) available. Offending class: [javax/servlet/ServletContext]
2017-07-31 16:22:54.395  INFO 5056 --- [main] .b.t.c.SpringBootTestContextBootstrapper : Using TestExecutionListeners: [org.springframework.test.context.support.DirtiesContextBeforeModesTestExecutionListener@3d526ad9, org.springframework.boot.test.autoconfigure.SpringBootDependencyInjectionTestExecutionListener@e041f0c, org.springframework.test.context.support.DirtiesContextTestExecutionListener@6a175569, org.springframework.test.context.transaction.TransactionalTestExecutionListener@11963225, org.springframework.test.context.jdbc.SqlScriptsTestExecutionListener@3f3c966c, org.springframework.boot.test.autoconfigure.web.client.MockRestServiceServerResetTestExecutionListener@11ee02f8, org.springframework.boot.test.mock.mockito.MockitoTestExecutionListener@4102b1b1, org.springframework.boot.test.autoconfigure.web.servlet.WebDriverTestExecutionListener@61a5b4ae, org.springframework.boot.test.autoconfigure.restdocs.RestDocsTestExecutionListener@3a71c100, org.springframework.boot.test.autoconfigure.web.servlet.MockMvcPrintOnlyOnFailureTestExecutionListener@5b69fd74, org.springframework.boot.test.mock.mockito.ResetMocksTestExecutionListener@f325091]
2017-07-31 16:22:54.458  INFO 5056 --- [Thread-3] s.c.a.AnnotationConfigApplicationContext : Closing org.springframework.context.annotation.AnnotationConfigApplicationContext@1e178745: startup date [Mon Jul 31 16:22:51 CST 2017]; root of context hierarchy
2017-07-31 16:24:10.415  INFO 5076 --- [main] c.w.s.i.a.AccountRepositoryImplTest      : Starting AccountRepositoryImplTest on atomdeMacBook-Pro.local with PID 5076 (started by Atom in /Users/ytx/ws-atom/atom-schema/schema-core)
2017-07-31 16:24:10.416  INFO 5076 --- [main] c.w.s.i.a.AccountRepositoryImplTest      : No active profile set, falling back to default profiles: default
2017-07-31 16:24:10.444  INFO 5076 --- [main] s.c.a.AnnotationConfigApplicationContext : Refreshing org.springframework.context.annotation.AnnotationConfigApplicationContext@1e178745: startup date [Mon Jul 31 16:24:10 CST 2017]; root of context hierarchy
2017-07-31 16:24:11.721  INFO 5076 --- [main] o.s.jdbc.datasource.init.ScriptUtils     : Executing SQL script from URL [file:/Users/ytx/ws-atom/atom-schema/schema-core/target/test-classes/schema-mysql.sql]
2017-07-31 16:24:11.973  INFO 5076 --- [main] o.s.jdbc.datasource.init.ScriptUtils     : Executed SQL script from URL [file:/Users/ytx/ws-atom/atom-schema/schema-core/target/test-classes/schema-mysql.sql] in 252 ms.
2017-07-31 16:24:11.977  INFO 5076 --- [main] o.s.jdbc.datasource.init.ScriptUtils     : Executing SQL script from URL [file:/Users/ytx/ws-atom/atom-schema/schema-core/target/test-classes/data-mysql.sql]
2017-07-31 16:24:12.076  INFO 5076 --- [main] o.s.jdbc.datasource.init.ScriptUtils     : Executed SQL script from URL [file:/Users/ytx/ws-atom/atom-schema/schema-core/target/test-classes/data-mysql.sql] in 99 ms.
2017-07-31 16:24:12.602  INFO 5076 --- [main] c.w.s.i.a.AccountRepositoryImplTest      : Started AccountRepositoryImplTest in 2.563 seconds (JVM running for 3.385)
2017-07-31 16:24:12.782  INFO 5076 --- [main] .b.t.c.SpringBootTestContextBootstrapper : Neither @ContextConfiguration nor @ContextHierarchy found for test class [com.watent.schema.infrastructure.account.AccountServiceImplTest], using SpringBootContextLoader
2017-07-31 16:24:12.783  INFO 5076 --- [main] o.s.t.c.support.AbstractContextLoader    : Could not detect default resource locations for test class [com.watent.schema.infrastructure.account.AccountServiceImplTest]: no resource found for suffixes {-context.xml, Context.groovy}.
2017-07-31 16:24:12.799  INFO 5076 --- [main] .b.t.c.SpringBootTestContextBootstrapper : Loaded default TestExecutionListener class names from location [META-INF/spring.factories]: [org.springframework.boot.test.mock.mockito.MockitoTestExecutionListener, org.springframework.boot.test.mock.mockito.ResetMocksTestExecutionListener, org.springframework.boot.test.autoconfigure.restdocs.RestDocsTestExecutionListener, org.springframework.boot.test.autoconfigure.web.client.MockRestServiceServerResetTestExecutionListener, org.springframework.boot.test.autoconfigure.web.servlet.MockMvcPrintOnlyOnFailureTestExecutionListener, org.springframework.boot.test.autoconfigure.web.servlet.WebDriverTestExecutionListener, org.springframework.test.context.web.ServletTestExecutionListener, org.springframework.test.context.support.DirtiesContextBeforeModesTestExecutionListener, org.springframework.test.context.support.DependencyInjectionTestExecutionListener, org.springframework.test.context.support.DirtiesContextTestExecutionListener, org.springframework.test.context.transaction.TransactionalTestExecutionListener, org.springframework.test.context.jdbc.SqlScriptsTestExecutionListener]
2017-07-31 16:24:12.804  INFO 5076 --- [main] .b.t.c.SpringBootTestContextBootstrapper : Could not instantiate TestExecutionListener [org.springframework.test.context.web.ServletTestExecutionListener]. Specify custom listener classes or make the default listener classes (and their required dependencies) available. Offending class: [javax/servlet/ServletContext]
2017-07-31 16:24:12.805  INFO 5076 --- [main] .b.t.c.SpringBootTestContextBootstrapper : Using TestExecutionListeners: [org.springframework.test.context.support.DirtiesContextBeforeModesTestExecutionListener@7e8e8651, org.springframework.boot.test.autoconfigure.SpringBootDependencyInjectionTestExecutionListener@49ef32e0, org.springframework.test.context.support.DirtiesContextTestExecutionListener@271f18d3, org.springframework.test.context.transaction.TransactionalTestExecutionListener@6bd51ed8, org.springframework.test.context.jdbc.SqlScriptsTestExecutionListener@61e3a1fd, org.springframework.boot.test.autoconfigure.web.client.MockRestServiceServerResetTestExecutionListener@51abf713, org.springframework.boot.test.mock.mockito.MockitoTestExecutionListener@eadb475, org.springframework.boot.test.autoconfigure.web.servlet.WebDriverTestExecutionListener@4d4d48a6, org.springframework.boot.test.autoconfigure.restdocs.RestDocsTestExecutionListener@315df4bb, org.springframework.boot.test.autoconfigure.web.servlet.MockMvcPrintOnlyOnFailureTestExecutionListener@3fc08eec, org.springframework.boot.test.mock.mockito.ResetMocksTestExecutionListener@5cad8b7d]
2017-07-31 16:24:12.854  INFO 5076 --- [Thread-3] s.c.a.AnnotationConfigApplicationContext : Closing org.springframework.context.annotation.AnnotationConfigApplicationContext@1e178745: startup date [Mon Jul 31 16:24:10 CST 2017]; root of context hierarchy
2017-07-31 16:26:44.409  INFO 5104 --- [main] c.w.s.i.a.AccountRepositoryImplTest      : Starting AccountRepositoryImplTest on atomdeMacBook-Pro.local with PID 5104 (started by Atom in /Users/ytx/ws-atom/atom-schema/schema-core)
2017-07-31 16:26:44.411  INFO 5104 --- [main] c.w.s.i.a.AccountRepositoryImplTest      : No active profile set, falling back to default profiles: default
2017-07-31 16:26:44.442  INFO 5104 --- [main] s.c.a.AnnotationConfigApplicationContext : Refreshing org.springframework.context.annotation.AnnotationConfigApplicationContext@1e178745: startup date [Mon Jul 31 16:26:44 CST 2017]; root of context hierarchy
2017-07-31 16:26:45.762  INFO 5104 --- [main] o.s.jdbc.datasource.init.ScriptUtils     : Executing SQL script from URL [file:/Users/ytx/ws-atom/atom-schema/schema-core/target/test-classes/schema-mysql.sql]
2017-07-31 16:26:46.019  INFO 5104 --- [main] o.s.jdbc.datasource.init.ScriptUtils     : Executed SQL script from URL [file:/Users/ytx/ws-atom/atom-schema/schema-core/target/test-classes/schema-mysql.sql] in 256 ms.
2017-07-31 16:26:46.022  INFO 5104 --- [main] o.s.jdbc.datasource.init.ScriptUtils     : Executing SQL script from URL [file:/Users/ytx/ws-atom/atom-schema/schema-core/target/test-classes/data-mysql.sql]
2017-07-31 16:26:46.137  INFO 5104 --- [main] o.s.jdbc.datasource.init.ScriptUtils     : Executed SQL script from URL [file:/Users/ytx/ws-atom/atom-schema/schema-core/target/test-classes/data-mysql.sql] in 115 ms.
2017-07-31 16:26:46.687  INFO 5104 --- [main] c.w.s.i.a.AccountRepositoryImplTest      : Started AccountRepositoryImplTest in 2.932 seconds (JVM running for 3.803)
2017-07-31 16:26:46.890  INFO 5104 --- [main] .b.t.c.SpringBootTestContextBootstrapper : Neither @ContextConfiguration nor @ContextHierarchy found for test class [com.watent.schema.infrastructure.account.AccountServiceImplTest], using SpringBootContextLoader
2017-07-31 16:26:46.892  INFO 5104 --- [main] o.s.t.c.support.AbstractContextLoader    : Could not detect default resource locations for test class [com.watent.schema.infrastructure.account.AccountServiceImplTest]: no resource found for suffixes {-context.xml, Context.groovy}.
2017-07-31 16:26:46.909  INFO 5104 --- [main] .b.t.c.SpringBootTestContextBootstrapper : Loaded default TestExecutionListener class names from location [META-INF/spring.factories]: [org.springframework.boot.test.mock.mockito.MockitoTestExecutionListener, org.springframework.boot.test.mock.mockito.ResetMocksTestExecutionListener, org.springframework.boot.test.autoconfigure.restdocs.RestDocsTestExecutionListener, org.springframework.boot.test.autoconfigure.web.client.MockRestServiceServerResetTestExecutionListener, org.springframework.boot.test.autoconfigure.web.servlet.MockMvcPrintOnlyOnFailureTestExecutionListener, org.springframework.boot.test.autoconfigure.web.servlet.WebDriverTestExecutionListener, org.springframework.test.context.web.ServletTestExecutionListener, org.springframework.test.context.support.DirtiesContextBeforeModesTestExecutionListener, org.springframework.test.context.support.DependencyInjectionTestExecutionListener, org.springframework.test.context.support.DirtiesContextTestExecutionListener, org.springframework.test.context.transaction.TransactionalTestExecutionListener, org.springframework.test.context.jdbc.SqlScriptsTestExecutionListener]
2017-07-31 16:26:46.919  INFO 5104 --- [main] .b.t.c.SpringBootTestContextBootstrapper : Could not instantiate TestExecutionListener [org.springframework.test.context.web.ServletTestExecutionListener]. Specify custom listener classes or make the default listener classes (and their required dependencies) available. Offending class: [javax/servlet/ServletContext]
2017-07-31 16:26:46.934  INFO 5104 --- [main] .b.t.c.SpringBootTestContextBootstrapper : Using TestExecutionListeners: [org.springframework.test.context.support.DirtiesContextBeforeModesTestExecutionListener@61a5b4ae, org.springframework.boot.test.autoconfigure.SpringBootDependencyInjectionTestExecutionListener@3a71c100, org.springframework.test.context.support.DirtiesContextTestExecutionListener@5b69fd74, org.springframework.test.context.transaction.TransactionalTestExecutionListener@f325091, org.springframework.test.context.jdbc.SqlScriptsTestExecutionListener@437e951d, org.springframework.boot.test.autoconfigure.web.client.MockRestServiceServerResetTestExecutionListener@77b325b3, org.springframework.boot.test.mock.mockito.MockitoTestExecutionListener@63a5e46c, org.springframework.boot.test.autoconfigure.web.servlet.WebDriverTestExecutionListener@7e8e8651, org.springframework.boot.test.autoconfigure.restdocs.RestDocsTestExecutionListener@49ef32e0, org.springframework.boot.test.autoconfigure.web.servlet.MockMvcPrintOnlyOnFailureTestExecutionListener@271f18d3, org.springframework.boot.test.mock.mockito.ResetMocksTestExecutionListener@6bd51ed8]
2017-07-31 16:26:46.990  INFO 5104 --- [Thread-3] s.c.a.AnnotationConfigApplicationContext : Closing org.springframework.context.annotation.AnnotationConfigApplicationContext@1e178745: startup date [Mon Jul 31 16:26:44 CST 2017]; root of context hierarchy
2017-07-31 16:29:41.841  INFO 5186 --- [main] c.w.s.i.a.AccountRepositoryImplTest      : Starting AccountRepositoryImplTest on atomdeMacBook-Pro.local with PID 5186 (started by Atom in /Users/ytx/ws-atom/atom-schema/schema-core)
2017-07-31 16:29:41.843  INFO 5186 --- [main] c.w.s.i.a.AccountRepositoryImplTest      : No active profile set, falling back to default profiles: default
2017-07-31 16:29:41.888  INFO 5186 --- [main] s.c.a.AnnotationConfigApplicationContext : Refreshing org.springframework.context.annotation.AnnotationConfigApplicationContext@1e178745: startup date [Mon Jul 31 16:29:41 CST 2017]; root of context hierarchy
2017-07-31 16:29:43.558  INFO 5186 --- [main] o.s.jdbc.datasource.init.ScriptUtils     : Executing SQL script from URL [file:/Users/ytx/ws-atom/atom-schema/schema-core/target/test-classes/schema-mysql.sql]
2017-07-31 16:29:43.838  INFO 5186 --- [main] o.s.jdbc.datasource.init.ScriptUtils     : Executed SQL script from URL [file:/Users/ytx/ws-atom/atom-schema/schema-core/target/test-classes/schema-mysql.sql] in 279 ms.
2017-07-31 16:29:43.842  INFO 5186 --- [main] o.s.jdbc.datasource.init.ScriptUtils     : Executing SQL script from URL [file:/Users/ytx/ws-atom/atom-schema/schema-core/target/test-classes/data-mysql.sql]
2017-07-31 16:29:43.937  INFO 5186 --- [main] o.s.jdbc.datasource.init.ScriptUtils     : Executed SQL script from URL [file:/Users/ytx/ws-atom/atom-schema/schema-core/target/test-classes/data-mysql.sql] in 95 ms.
2017-07-31 16:29:44.669  INFO 5186 --- [main] c.w.s.i.a.AccountRepositoryImplTest      : Started AccountRepositoryImplTest in 3.447 seconds (JVM running for 4.492)
2017-07-31 16:29:44.938  INFO 5186 --- [main] .b.t.c.SpringBootTestContextBootstrapper : Neither @ContextConfiguration nor @ContextHierarchy found for test class [com.watent.schema.infrastructure.account.AccountServiceImplTest], using SpringBootContextLoader
2017-07-31 16:29:44.941  INFO 5186 --- [main] o.s.t.c.support.AbstractContextLoader    : Could not detect default resource locations for test class [com.watent.schema.infrastructure.account.AccountServiceImplTest]: no resource found for suffixes {-context.xml, Context.groovy}.
2017-07-31 16:29:44.978  INFO 5186 --- [main] .b.t.c.SpringBootTestContextBootstrapper : Loaded default TestExecutionListener class names from location [META-INF/spring.factories]: [org.springframework.boot.test.mock.mockito.MockitoTestExecutionListener, org.springframework.boot.test.mock.mockito.ResetMocksTestExecutionListener, org.springframework.boot.test.autoconfigure.restdocs.RestDocsTestExecutionListener, org.springframework.boot.test.autoconfigure.web.client.MockRestServiceServerResetTestExecutionListener, org.springframework.boot.test.autoconfigure.web.servlet.MockMvcPrintOnlyOnFailureTestExecutionListener, org.springframework.boot.test.autoconfigure.web.servlet.WebDriverTestExecutionListener, org.springframework.test.context.web.ServletTestExecutionListener, org.springframework.test.context.support.DirtiesContextBeforeModesTestExecutionListener, org.springframework.test.context.support.DependencyInjectionTestExecutionListener, org.springframework.test.context.support.DirtiesContextTestExecutionListener, org.springframework.test.context.transaction.TransactionalTestExecutionListener, org.springframework.test.context.jdbc.SqlScriptsTestExecutionListener]
2017-07-31 16:29:44.985  INFO 5186 --- [main] .b.t.c.SpringBootTestContextBootstrapper : Could not instantiate TestExecutionListener [org.springframework.test.context.web.ServletTestExecutionListener]. Specify custom listener classes or make the default listener classes (and their required dependencies) available. Offending class: [javax/servlet/ServletContext]
2017-07-31 16:29:44.986  INFO 5186 --- [main] .b.t.c.SpringBootTestContextBootstrapper : Using TestExecutionListeners: [org.springframework.test.context.support.DirtiesContextBeforeModesTestExecutionListener@50b0bc4c, org.springframework.boot.test.autoconfigure.SpringBootDependencyInjectionTestExecutionListener@c20be82, org.springframework.test.context.support.DirtiesContextTestExecutionListener@13c612bd, org.springframework.test.context.transaction.TransactionalTestExecutionListener@3ef41c66, org.springframework.test.context.jdbc.SqlScriptsTestExecutionListener@6b739528, org.springframework.boot.test.autoconfigure.web.client.MockRestServiceServerResetTestExecutionListener@622ef26a, org.springframework.boot.test.mock.mockito.MockitoTestExecutionListener@41de5768, org.springframework.boot.test.autoconfigure.web.servlet.WebDriverTestExecutionListener@5f577419, org.springframework.boot.test.autoconfigure.restdocs.RestDocsTestExecutionListener@28fa700e, org.springframework.boot.test.autoconfigure.web.servlet.MockMvcPrintOnlyOnFailureTestExecutionListener@3d526ad9, org.springframework.boot.test.mock.mockito.ResetMocksTestExecutionListener@e041f0c]
2017-07-31 16:29:45.048  INFO 5186 --- [Thread-3] s.c.a.AnnotationConfigApplicationContext : Closing org.springframework.context.annotation.AnnotationConfigApplicationContext@1e178745: startup date [Mon Jul 31 16:29:41 CST 2017]; root of context hierarchy
